This file contains any messages produced by compilers while
running configure, to aid debugging if configure makes a mistake.

It was created by libgpod configure 0.8.3, which was
generated by GNU Autoconf 2.71.  Invocation command line was

  $ ./configure --with-python=/usr/bin/python3

## --------- ##
## Platform. ##
## --------- ##

hostname = basement-lab
uname -m = x86_64
uname -r = 6.1.0-18-amd64
uname -s = Linux
uname -v = #1 SMP PREEMPT_DYNAMIC Debian 6.1.76-1 (2024-02-01)

/usr/bin/uname -p = unknown
/bin/uname -X     = unknown

/bin/arch              = x86_64
/usr/bin/arch -k       = unknown
/usr/convex/getsysinfo = unknown
/usr/bin/hostinfo      = unknown
/bin/machine           = unknown
/usr/bin/oslevel       = unknown
/bin/universe          = unknown

PATH: /usr/local/bin/
PATH: /usr/bin/
PATH: /bin/
PATH: /usr/local/games/
PATH: /usr/games/
PATH: /snap/bin/
PATH: /opt/dell/srvadmin/bin/
PATH: /home/john/development/flutter/bin/
PATH: /opt/android-studio/bin/
PATH: /home/john/development/flutter/bin/
PATH: /home/john/Android/Sdk/tools/


## ----------- ##
## Core tests. ##
## ----------- ##

configure:3283: looking for aux files: ltmain.sh config.guess config.sub compile missing install-sh
configure:3296:  trying ./
configure:3325:   ./ltmain.sh found
configure:3325:   ./config.guess found
configure:3325:   ./config.sub found
configure:3325:   ./compile found
configure:3325:   ./missing found
configure:3307:   ./install-sh found
configure:3468: checking for a BSD-compatible install
configure:3541: result: /usr/bin/install -c
configure:3552: checking whether build environment is sane
configure:3607: result: yes
configure:3766: checking for a race-free mkdir -p
configure:3810: result: /usr/bin/mkdir -p
configure:3817: checking for gawk
configure:3838: found /usr/bin/gawk
configure:3849: result: gawk
configure:3860: checking whether make sets $(MAKE)
configure:3883: result: yes
configure:3913: checking whether make supports nested variables
configure:3931: result: yes
configure:4072: checking whether to enable maintainer-specific portions of Makefiles
configure:4082: result: no
configure:4109: checking whether make supports the include directive
configure:4124: make -f confmf.GNU && cat confinc.out
this is the am__doit target
configure:4127: $? = 0
configure:4146: result: yes (GNU style)
configure:4222: checking for gcc
configure:4243: found /usr/bin/gcc
configure:4254: result: gcc
configure:4607: checking for C compiler version
configure:4616: gcc --version >&5
gcc (Debian 12.2.0-14) 12.2.0
Copyright (C) 2022 Free Software Foundation, Inc.
This is free software; see the source for copying conditions.  There is NO
warranty; not even for MERCHANTABILITY or FITNESS FOR A PARTICULAR PURPOSE.

configure:4627: $? = 0
configure:4616: gcc -v >&5
Using built-in specs.
COLLECT_GCC=gcc
COLLECT_LTO_WRAPPER=/usr/lib/gcc/x86_64-linux-gnu/12/lto-wrapper
OFFLOAD_TARGET_NAMES=nvptx-none:amdgcn-amdhsa
OFFLOAD_TARGET_DEFAULT=1
Target: x86_64-linux-gnu
Configured with: ../src/configure -v --with-pkgversion='Debian 12.2.0-14' --with-bugurl=file:///usr/share/doc/gcc-12/README.Bugs --enable-languages=c,ada,c++,go,d,fortran,objc,obj-c++,m2 --prefix=/usr --with-gcc-major-version-only --program-suffix=-12 --program-prefix=x86_64-linux-gnu- --enable-shared --enable-linker-build-id --libexecdir=/usr/lib --without-included-gettext --enable-threads=posix --libdir=/usr/lib --enable-nls --enable-clocale=gnu --enable-libstdcxx-debug --enable-libstdcxx-time=yes --with-default-libstdcxx-abi=new --enable-gnu-unique-object --disable-vtable-verify --enable-plugin --enable-default-pie --with-system-zlib --enable-libphobos-checking=release --with-target-system-zlib=auto --enable-objc-gc=auto --enable-multiarch --disable-werror --enable-cet --with-arch-32=i686 --with-abi=m64 --with-multilib-list=m32,m64,mx32 --enable-multilib --with-tune=generic --enable-offload-targets=nvptx-none=/build/gcc-12-bTRWOB/gcc-12-12.2.0/debian/tmp-nvptx/usr,amdgcn-amdhsa=/build/gcc-12-bTRWOB/gcc-12-12.2.0/debian/tmp-gcn/usr --enable-offload-defaulted --without-cuda-driver --enable-checking=release --build=x86_64-linux-gnu --host=x86_64-linux-gnu --target=x86_64-linux-gnu
Thread model: posix
Supported LTO compression algorithms: zlib zstd
gcc version 12.2.0 (Debian 12.2.0-14) 
... rest of stderr output deleted ...
configure:4627: $? = 0
configure:4616: gcc -V >&5
gcc: error: unrecognized command-line option '-V'
gcc: fatal error: no input files
compilation terminated.
configure:4627: $? = 1
configure:4616: gcc -qversion >&5
gcc: error: unrecognized command-line option '-qversion'; did you mean '--version'?
gcc: fatal error: no input files
compilation terminated.
configure:4627: $? = 1
configure:4616: gcc -version >&5
gcc: error: unrecognized command-line option '-version'
gcc: fatal error: no input files
compilation terminated.
configure:4627: $? = 1
configure:4647: checking whether the C compiler works
configure:4669: gcc    conftest.c  >&5
configure:4673: $? = 0
configure:4723: result: yes
configure:4726: checking for C compiler default output file name
configure:4728: result: a.out
configure:4734: checking for suffix of executables
configure:4741: gcc -o conftest    conftest.c  >&5
configure:4745: $? = 0
configure:4768: result: 
configure:4790: checking whether we are cross compiling
configure:4798: gcc -o conftest    conftest.c  >&5
configure:4802: $? = 0
configure:4809: ./conftest
configure:4813: $? = 0
configure:4828: result: no
configure:4833: checking for suffix of object files
configure:4856: gcc -c   conftest.c >&5
configure:4860: $? = 0
configure:4882: result: o
configure:4886: checking whether the compiler supports GNU C
configure:4906: gcc -c   conftest.c >&5
configure:4906: $? = 0
configure:4916: result: yes
configure:4927: checking whether gcc accepts -g
configure:4948: gcc -c -g  conftest.c >&5
configure:4948: $? = 0
configure:4992: result: yes
configure:5012: checking for gcc option to enable C11 features
configure:5027: gcc  -c -g -O2  conftest.c >&5
configure:5027: $? = 0
configure:5045: result: none needed
configure:5161: checking whether gcc understands -c and -o together
configure:5184: gcc -c conftest.c -o conftest2.o
configure:5187: $? = 0
configure:5184: gcc -c conftest.c -o conftest2.o
configure:5187: $? = 0
configure:5199: result: yes
configure:5218: checking dependency style of gcc
configure:5330: result: gcc3
configure:5350: checking for stdio.h
configure:5350: gcc -c -g -O2  conftest.c >&5
configure:5350: $? = 0
configure:5350: result: yes
configure:5350: checking for stdlib.h
configure:5350: gcc -c -g -O2  conftest.c >&5
configure:5350: $? = 0
configure:5350: result: yes
configure:5350: checking for string.h
configure:5350: gcc -c -g -O2  conftest.c >&5
configure:5350: $? = 0
configure:5350: result: yes
configure:5350: checking for inttypes.h
configure:5350: gcc -c -g -O2  conftest.c >&5
configure:5350: $? = 0
configure:5350: result: yes
configure:5350: checking for stdint.h
configure:5350: gcc -c -g -O2  conftest.c >&5
configure:5350: $? = 0
configure:5350: result: yes
configure:5350: checking for strings.h
configure:5350: gcc -c -g -O2  conftest.c >&5
configure:5350: $? = 0
configure:5350: result: yes
configure:5350: checking for sys/stat.h
configure:5350: gcc -c -g -O2  conftest.c >&5
configure:5350: $? = 0
configure:5350: result: yes
configure:5350: checking for sys/types.h
configure:5350: gcc -c -g -O2  conftest.c >&5
configure:5350: $? = 0
configure:5350: result: yes
configure:5350: checking for unistd.h
configure:5350: gcc -c -g -O2  conftest.c >&5
configure:5350: $? = 0
configure:5350: result: yes
configure:5350: checking for wchar.h
configure:5350: gcc -c -g -O2  conftest.c >&5
configure:5350: $? = 0
configure:5350: result: yes
configure:5350: checking for minix/config.h
configure:5350: gcc -c -g -O2  conftest.c >&5
conftest.c:49:10: fatal error: minix/config.h: No such file or directory
   49 | #include <minix/config.h>
      |          ^~~~~~~~~~~~~~~~
compilation terminated.
configure:5350: $? = 1
configure: failed program was:
| /* confdefs.h */
| #define PACKAGE_NAME "libgpod"
| #define PACKAGE_TARNAME "libgpod"
| #define PACKAGE_VERSION "0.8.3"
| #define PACKAGE_STRING "libgpod 0.8.3"
| #define PACKAGE_BUGREPORT ""
| #define PACKAGE_URL ""
| #define PACKAGE "libgpod"
| #define VERSION "0.8.3"
| #define HAVE_STDIO_H 1
| #define HAVE_STDLIB_H 1
| #define HAVE_STRING_H 1
| #define HAVE_INTTYPES_H 1
| #define HAVE_STDINT_H 1
| #define HAVE_STRINGS_H 1
| #define HAVE_SYS_STAT_H 1
| #define HAVE_SYS_TYPES_H 1
| #define HAVE_UNISTD_H 1
| #define HAVE_WCHAR_H 1
| /* end confdefs.h.  */
| #include <stddef.h>
| #ifdef HAVE_STDIO_H
| # include <stdio.h>
| #endif
| #ifdef HAVE_STDLIB_H
| # include <stdlib.h>
| #endif
| #ifdef HAVE_STRING_H
| # include <string.h>
| #endif
| #ifdef HAVE_INTTYPES_H
| # include <inttypes.h>
| #endif
| #ifdef HAVE_STDINT_H
| # include <stdint.h>
| #endif
| #ifdef HAVE_STRINGS_H
| # include <strings.h>
| #endif
| #ifdef HAVE_SYS_TYPES_H
| # include <sys/types.h>
| #endif
| #ifdef HAVE_SYS_STAT_H
| # include <sys/stat.h>
| #endif
| #ifdef HAVE_UNISTD_H
| # include <unistd.h>
| #endif
| #include <minix/config.h>
configure:5350: result: no
configure:5381: checking whether it is safe to define __EXTENSIONS__
configure:5400: gcc -c -g -O2  conftest.c >&5
configure:5400: $? = 0
configure:5408: result: yes
configure:5411: checking whether _XOPEN_SOURCE should be defined
configure:5433: gcc -c -g -O2  conftest.c >&5
configure:5433: $? = 0
configure:5460: result: no
configure:5569: checking for gcc
configure:5601: result: gcc
configure:5954: checking for C compiler version
configure:5963: gcc --version >&5
gcc (Debian 12.2.0-14) 12.2.0
Copyright (C) 2022 Free Software Foundation, Inc.
This is free software; see the source for copying conditions.  There is NO
warranty; not even for MERCHANTABILITY or FITNESS FOR A PARTICULAR PURPOSE.

configure:5974: $? = 0
configure:5963: gcc -v >&5
Using built-in specs.
COLLECT_GCC=gcc
COLLECT_LTO_WRAPPER=/usr/lib/gcc/x86_64-linux-gnu/12/lto-wrapper
OFFLOAD_TARGET_NAMES=nvptx-none:amdgcn-amdhsa
OFFLOAD_TARGET_DEFAULT=1
Target: x86_64-linux-gnu
Configured with: ../src/configure -v --with-pkgversion='Debian 12.2.0-14' --with-bugurl=file:///usr/share/doc/gcc-12/README.Bugs --enable-languages=c,ada,c++,go,d,fortran,objc,obj-c++,m2 --prefix=/usr --with-gcc-major-version-only --program-suffix=-12 --program-prefix=x86_64-linux-gnu- --enable-shared --enable-linker-build-id --libexecdir=/usr/lib --without-included-gettext --enable-threads=posix --libdir=/usr/lib --enable-nls --enable-clocale=gnu --enable-libstdcxx-debug --enable-libstdcxx-time=yes --with-default-libstdcxx-abi=new --enable-gnu-unique-object --disable-vtable-verify --enable-plugin --enable-default-pie --with-system-zlib --enable-libphobos-checking=release --with-target-system-zlib=auto --enable-objc-gc=auto --enable-multiarch --disable-werror --enable-cet --with-arch-32=i686 --with-abi=m64 --with-multilib-list=m32,m64,mx32 --enable-multilib --with-tune=generic --enable-offload-targets=nvptx-none=/build/gcc-12-bTRWOB/gcc-12-12.2.0/debian/tmp-nvptx/usr,amdgcn-amdhsa=/build/gcc-12-bTRWOB/gcc-12-12.2.0/debian/tmp-gcn/usr --enable-offload-defaulted --without-cuda-driver --enable-checking=release --build=x86_64-linux-gnu --host=x86_64-linux-gnu --target=x86_64-linux-gnu
Thread model: posix
Supported LTO compression algorithms: zlib zstd
gcc version 12.2.0 (Debian 12.2.0-14) 
... rest of stderr output deleted ...
configure:5974: $? = 0
configure:5963: gcc -V >&5
gcc: error: unrecognized command-line option '-V'
gcc: fatal error: no input files
compilation terminated.
configure:5974: $? = 1
configure:5963: gcc -qversion >&5
gcc: error: unrecognized command-line option '-qversion'; did you mean '--version'?
gcc: fatal error: no input files
compilation terminated.
configure:5974: $? = 1
configure:5963: gcc -version >&5
gcc: error: unrecognized command-line option '-version'
gcc: fatal error: no input files
compilation terminated.
configure:5974: $? = 1
configure:5978: checking whether the compiler supports GNU C
configure:6008: result: yes
configure:6019: checking whether gcc accepts -g
configure:6084: result: yes
configure:6104: checking for gcc option to enable C11 features
configure:6137: result: none needed
configure:6253: checking whether gcc understands -c and -o together
configure:6291: result: yes
configure:6310: checking dependency style of gcc
configure:6422: result: gcc3
configure:6511: checking for g++
configure:6532: found /usr/bin/g++
configure:6543: result: g++
configure:6570: checking for C++ compiler version
configure:6579: g++ --version >&5
g++ (Debian 12.2.0-14) 12.2.0
Copyright (C) 2022 Free Software Foundation, Inc.
This is free software; see the source for copying conditions.  There is NO
warranty; not even for MERCHANTABILITY or FITNESS FOR A PARTICULAR PURPOSE.

configure:6590: $? = 0
configure:6579: g++ -v >&5
Using built-in specs.
COLLECT_GCC=g++
COLLECT_LTO_WRAPPER=/usr/lib/gcc/x86_64-linux-gnu/12/lto-wrapper
OFFLOAD_TARGET_NAMES=nvptx-none:amdgcn-amdhsa
OFFLOAD_TARGET_DEFAULT=1
Target: x86_64-linux-gnu
Configured with: ../src/configure -v --with-pkgversion='Debian 12.2.0-14' --with-bugurl=file:///usr/share/doc/gcc-12/README.Bugs --enable-languages=c,ada,c++,go,d,fortran,objc,obj-c++,m2 --prefix=/usr --with-gcc-major-version-only --program-suffix=-12 --program-prefix=x86_64-linux-gnu- --enable-shared --enable-linker-build-id --libexecdir=/usr/lib --without-included-gettext --enable-threads=posix --libdir=/usr/lib --enable-nls --enable-clocale=gnu --enable-libstdcxx-debug --enable-libstdcxx-time=yes --with-default-libstdcxx-abi=new --enable-gnu-unique-object --disable-vtable-verify --enable-plugin --enable-default-pie --with-system-zlib --enable-libphobos-checking=release --with-target-system-zlib=auto --enable-objc-gc=auto --enable-multiarch --disable-werror --enable-cet --with-arch-32=i686 --with-abi=m64 --with-multilib-list=m32,m64,mx32 --enable-multilib --with-tune=generic --enable-offload-targets=nvptx-none=/build/gcc-12-bTRWOB/gcc-12-12.2.0/debian/tmp-nvptx/usr,amdgcn-amdhsa=/build/gcc-12-bTRWOB/gcc-12-12.2.0/debian/tmp-gcn/usr --enable-offload-defaulted --without-cuda-driver --enable-checking=release --build=x86_64-linux-gnu --host=x86_64-linux-gnu --target=x86_64-linux-gnu
Thread model: posix
Supported LTO compression algorithms: zlib zstd
gcc version 12.2.0 (Debian 12.2.0-14) 
... rest of stderr output deleted ...
configure:6590: $? = 0
configure:6579: g++ -V >&5
g++: error: unrecognized command-line option '-V'
g++: fatal error: no input files
compilation terminated.
configure:6590: $? = 1
configure:6579: g++ -qversion >&5
g++: error: unrecognized command-line option '-qversion'; did you mean '--version'?
g++: fatal error: no input files
compilation terminated.
configure:6590: $? = 1
configure:6594: checking whether the compiler supports GNU C++
configure:6614: g++ -c   conftest.cpp >&5
configure:6614: $? = 0
configure:6624: result: yes
configure:6635: checking whether g++ accepts -g
configure:6656: g++ -c -g  conftest.cpp >&5
configure:6656: $? = 0
configure:6700: result: yes
configure:6720: checking for g++ option to enable C++11 features
configure:6735: g++  -c -g -O2  conftest.cpp >&5
conftest.cpp: In function 'int main(int, char**)':
conftest.cpp:204:25: warning: empty parentheses were disambiguated as a function declaration [-Wvexing-parse]
  204 |   cxx11test::delegate d2();
      |                         ^~
conftest.cpp:204:25: note: remove parentheses to default-initialize a variable
  204 |   cxx11test::delegate d2();
      |                         ^~
      |                         --
conftest.cpp:204:25: note: or replace parentheses with braces to value-initialize a variable
configure:6735: $? = 0
configure:6753: result: none needed
configure:6819: checking dependency style of g++
configure:6931: result: gcc3
configure:6953: checking build system type
configure:6968: result: x86_64-unknown-linux-gnu
configure:6988: checking host system type
configure:7002: result: x86_64-unknown-linux-gnu
configure:7022: checking for a sed that does not truncate output
configure:7092: result: /usr/bin/sed
configure:7110: checking for grep that handles long lines and -e
configure:7174: result: /usr/bin/grep
configure:7179: checking for egrep
configure:7247: result: /usr/bin/grep -E
configure:7252: checking for fgrep
configure:7320: result: /usr/bin/grep -F
configure:7347: checking how to print strings
configure:7374: result: printf
configure:7408: checking for ld used by gcc
configure:7476: result: /usr/bin/ld
configure:7483: checking if the linker (/usr/bin/ld) is GNU ld
configure:7499: result: yes
configure:7514: checking for egrep
configure:7582: result: /usr/bin/grep -E
configure:7632: checking for BSD- or MS-compatible name lister (nm)
configure:7687: result: /usr/bin/nm -B
configure:7827: checking the name lister (/usr/bin/nm -B) interface
configure:7835: gcc -c -g -O2  conftest.c >&5
configure:7838: /usr/bin/nm -B "conftest.o"
configure:7841: output
0000000000000000 B some_variable
configure:7848: result: BSD nm
configure:7851: checking whether ln -s works
configure:7855: result: yes
configure:7863: checking the maximum length of command line arguments
configure:7995: result: 1572864
configure:8043: checking how to convert x86_64-unknown-linux-gnu file names to x86_64-unknown-linux-gnu format
configure:8084: result: func_convert_file_noop
configure:8091: checking how to convert x86_64-unknown-linux-gnu file names to toolchain format
configure:8112: result: func_convert_file_noop
configure:8119: checking for /usr/bin/ld option to reload object files
configure:8127: result: -r
configure:8206: checking for file
configure:8227: found /usr/bin/file
configure:8238: result: file
configure:8314: checking for objdump
configure:8335: found /usr/bin/objdump
configure:8346: result: objdump
configure:8378: checking how to recognize dependent libraries
configure:8579: result: pass_all
configure:8669: checking for dlltool
configure:8704: result: no
configure:8734: checking how to associate runtime and link libraries
configure:8762: result: printf %s\n
configure:8827: checking for ar
configure:8848: found /usr/bin/ar
configure:8859: result: ar
configure:8912: checking for archiver @FILE support
configure:8930: gcc -c -g -O2  conftest.c >&5
configure:8930: $? = 0
configure:8934: ar cr libconftest.a @conftest.lst >&5
configure:8937: $? = 0
configure:8942: ar cr libconftest.a @conftest.lst >&5
ar: conftest.o: No such file or directory
configure:8945: $? = 1
configure:8957: result: @
configure:9020: checking for strip
configure:9041: found /usr/bin/strip
configure:9052: result: strip
configure:9129: checking for ranlib
configure:9150: found /usr/bin/ranlib
configure:9161: result: ranlib
configure:9263: checking command to parse /usr/bin/nm -B output from gcc object
configure:9417: gcc -c -g -O2  conftest.c >&5
configure:9420: $? = 0
configure:9424: /usr/bin/nm -B conftest.o | /usr/bin/sed -n -e 's/^.*[	 ]\([ABCDGIRSTW][ABCDGIRSTW]*\)[	 ][	 ]*\([_A-Za-z][_A-Za-z0-9]*\)$/\1 \2 \2/p' | /usr/bin/sed '/ __gnu_lto/d' > conftest.nm
configure:9490: gcc -o conftest -g -O2   conftest.c conftstm.o >&5
configure:9493: $? = 0
configure:9531: result: ok
configure:9578: checking for sysroot
configure:9609: result: no
configure:9616: checking for a working dd
configure:9660: result: /usr/bin/dd
configure:9664: checking how to truncate binary pipes
configure:9680: result: /usr/bin/dd bs=4096 count=1
configure:9817: gcc -c -g -O2  conftest.c >&5
configure:9820: $? = 0
configure:10017: checking for mt
configure:10038: found /usr/bin/mt
configure:10049: result: mt
configure:10072: checking if mt is a manifest tool
configure:10079: mt '-?'
configure:10087: result: no
configure:10808: checking for dlfcn.h
configure:10808: gcc -c -g -O2  conftest.c >&5
configure:10808: $? = 0
configure:10808: result: yes
configure:11078: checking for objdir
configure:11094: result: .libs
configure:11358: checking if gcc supports -fno-rtti -fno-exceptions
configure:11377: gcc -c -g -O2  -fno-rtti -fno-exceptions conftest.c >&5
cc1: warning: command-line option '-fno-rtti' is valid for C++/D/ObjC++ but not for C
configure:11381: $? = 0
configure:11394: result: no
configure:11758: checking for gcc option to produce PIC
configure:11766: result: -fPIC -DPIC
configure:11774: checking if gcc PIC flag -fPIC -DPIC works
configure:11793: gcc -c -g -O2  -fPIC -DPIC -DPIC conftest.c >&5
configure:11797: $? = 0
configure:11810: result: yes
configure:11839: checking if gcc static flag -static works
configure:11868: result: yes
configure:11883: checking if gcc supports -c -o file.o
configure:11905: gcc -c -g -O2  -o out/conftest2.o conftest.c >&5
configure:11909: $? = 0
configure:11931: result: yes
configure:11939: checking if gcc supports -c -o file.o
configure:11987: result: yes
configure:12020: checking whether the gcc linker (/usr/bin/ld -m elf_x86_64) supports shared libraries
configure:13294: result: yes
configure:13331: checking whether -lc should be explicitly linked in
configure:13340: gcc -c -g -O2  conftest.c >&5
configure:13343: $? = 0
configure:13358: gcc -shared  -fPIC -DPIC conftest.o  -v -Wl,-soname -Wl,conftest -o conftest 2\>\&1 \| /usr/bin/grep  -lc  \>/dev/null 2\>\&1
configure:13361: $? = 0
configure:13375: result: no
configure:13535: checking dynamic linker characteristics
configure:14117: gcc -o conftest -g -O2   -Wl,-rpath -Wl,/foo conftest.c  >&5
configure:14117: $? = 0
configure:14368: result: GNU/Linux ld.so
configure:14490: checking how to hardcode library paths into programs
configure:14515: result: immediate
configure:15067: checking whether stripping libraries is possible
configure:15076: result: yes
configure:15118: checking if libtool supports shared libraries
configure:15120: result: yes
configure:15123: checking whether to build shared libraries
configure:15148: result: yes
configure:15151: checking whether to build static libraries
configure:15155: result: yes
configure:15178: checking how to run the C++ preprocessor
configure:15200: g++ -E  conftest.cpp
configure:15200: $? = 0
configure:15215: g++ -E  conftest.cpp
conftest.cpp:40:10: fatal error: ac_nonexistent.h: No such file or directory
   40 | #include <ac_nonexistent.h>
      |          ^~~~~~~~~~~~~~~~~~
compilation terminated.
configure:15215: $? = 1
configure: failed program was:
| /* confdefs.h */
| #define PACKAGE_NAME "libgpod"
| #define PACKAGE_TARNAME "libgpod"
| #define PACKAGE_VERSION "0.8.3"
| #define PACKAGE_STRING "libgpod 0.8.3"
| #define PACKAGE_BUGREPORT ""
| #define PACKAGE_URL ""
| #define PACKAGE "libgpod"
| #define VERSION "0.8.3"
| #define HAVE_STDIO_H 1
| #define HAVE_STDLIB_H 1
| #define HAVE_STRING_H 1
| #define HAVE_INTTYPES_H 1
| #define HAVE_STDINT_H 1
| #define HAVE_STRINGS_H 1
| #define HAVE_SYS_STAT_H 1
| #define HAVE_SYS_TYPES_H 1
| #define HAVE_UNISTD_H 1
| #define HAVE_WCHAR_H 1
| #define STDC_HEADERS 1
| #define _ALL_SOURCE 1
| #define _DARWIN_C_SOURCE 1
| #define _GNU_SOURCE 1
| #define _HPUX_ALT_XOPEN_SOCKET_API 1
| #define _NETBSD_SOURCE 1
| #define _OPENBSD_SOURCE 1
| #define _POSIX_PTHREAD_SEMANTICS 1
| #define __STDC_WANT_IEC_60559_ATTRIBS_EXT__ 1
| #define __STDC_WANT_IEC_60559_BFP_EXT__ 1
| #define __STDC_WANT_IEC_60559_DFP_EXT__ 1
| #define __STDC_WANT_IEC_60559_FUNCS_EXT__ 1
| #define __STDC_WANT_IEC_60559_TYPES_EXT__ 1
| #define __STDC_WANT_LIB_EXT2__ 1
| #define __STDC_WANT_MATH_SPEC_FUNCS__ 1
| #define _TANDEM_SOURCE 1
| #define __EXTENSIONS__ 1
| #define HAVE_DLFCN_H 1
| #define LT_OBJDIR ".libs/"
| /* end confdefs.h.  */
| #include <ac_nonexistent.h>
configure:15242: result: g++ -E
configure:15256: g++ -E  conftest.cpp
configure:15256: $? = 0
configure:15271: g++ -E  conftest.cpp
conftest.cpp:40:10: fatal error: ac_nonexistent.h: No such file or directory
   40 | #include <ac_nonexistent.h>
      |          ^~~~~~~~~~~~~~~~~~
compilation terminated.
configure:15271: $? = 1
configure: failed program was:
| /* confdefs.h */
| #define PACKAGE_NAME "libgpod"
| #define PACKAGE_TARNAME "libgpod"
| #define PACKAGE_VERSION "0.8.3"
| #define PACKAGE_STRING "libgpod 0.8.3"
| #define PACKAGE_BUGREPORT ""
| #define PACKAGE_URL ""
| #define PACKAGE "libgpod"
| #define VERSION "0.8.3"
| #define HAVE_STDIO_H 1
| #define HAVE_STDLIB_H 1
| #define HAVE_STRING_H 1
| #define HAVE_INTTYPES_H 1
| #define HAVE_STDINT_H 1
| #define HAVE_STRINGS_H 1
| #define HAVE_SYS_STAT_H 1
| #define HAVE_SYS_TYPES_H 1
| #define HAVE_UNISTD_H 1
| #define HAVE_WCHAR_H 1
| #define STDC_HEADERS 1
| #define _ALL_SOURCE 1
| #define _DARWIN_C_SOURCE 1
| #define _GNU_SOURCE 1
| #define _HPUX_ALT_XOPEN_SOCKET_API 1
| #define _NETBSD_SOURCE 1
| #define _OPENBSD_SOURCE 1
| #define _POSIX_PTHREAD_SEMANTICS 1
| #define __STDC_WANT_IEC_60559_ATTRIBS_EXT__ 1
| #define __STDC_WANT_IEC_60559_BFP_EXT__ 1
| #define __STDC_WANT_IEC_60559_DFP_EXT__ 1
| #define __STDC_WANT_IEC_60559_FUNCS_EXT__ 1
| #define __STDC_WANT_IEC_60559_TYPES_EXT__ 1
| #define __STDC_WANT_LIB_EXT2__ 1
| #define __STDC_WANT_MATH_SPEC_FUNCS__ 1
| #define _TANDEM_SOURCE 1
| #define __EXTENSIONS__ 1
| #define HAVE_DLFCN_H 1
| #define LT_OBJDIR ".libs/"
| /* end confdefs.h.  */
| #include <ac_nonexistent.h>
configure:15436: checking for ld used by g++
configure:15504: result: /usr/bin/ld -m elf_x86_64
configure:15511: checking if the linker (/usr/bin/ld -m elf_x86_64) is GNU ld
configure:15527: result: yes
configure:15582: checking whether the g++ linker (/usr/bin/ld -m elf_x86_64) supports shared libraries
configure:16660: result: yes
configure:16696: g++ -c -g -O2  conftest.cpp >&5
configure:16699: $? = 0
configure:17180: checking for g++ option to produce PIC
configure:17188: result: -fPIC -DPIC
configure:17196: checking if g++ PIC flag -fPIC -DPIC works
configure:17215: g++ -c -g -O2  -fPIC -DPIC -DPIC conftest.cpp >&5
configure:17219: $? = 0
configure:17232: result: yes
configure:17255: checking if g++ static flag -static works
configure:17284: result: yes
configure:17296: checking if g++ supports -c -o file.o
configure:17318: g++ -c -g -O2  -o out/conftest2.o conftest.cpp >&5
configure:17322: $? = 0
configure:17344: result: yes
configure:17349: checking if g++ supports -c -o file.o
configure:17397: result: yes
configure:17427: checking whether the g++ linker (/usr/bin/ld -m elf_x86_64) supports shared libraries
configure:17470: result: yes
configure:17612: checking dynamic linker characteristics
configure:18372: result: GNU/Linux ld.so
configure:18437: checking how to hardcode library paths into programs
configure:18462: result: immediate
configure:18523: checking whether ln -s works
configure:18527: result: yes
configure:18534: checking whether make sets $(MAKE)
configure:18557: result: yes
configure:18567: checking whether NLS is requested
configure:18577: result: yes
configure:18595: checking for intltool >= 0.21
configure:18597: result: 0.51.0 found
configure:18605: checking for intltool-update
configure:18628: found /usr/bin/intltool-update
configure:18640: result: /usr/bin/intltool-update
configure:18650: checking for intltool-merge
configure:18673: found /usr/bin/intltool-merge
configure:18685: result: /usr/bin/intltool-merge
configure:18695: checking for intltool-extract
configure:18718: found /usr/bin/intltool-extract
configure:18730: result: /usr/bin/intltool-extract
configure:18884: checking for xgettext
configure:18907: found /usr/bin/xgettext
configure:18919: result: /usr/bin/xgettext
configure:18929: checking for msgmerge
configure:18952: found /usr/bin/msgmerge
configure:18964: result: /usr/bin/msgmerge
configure:18974: checking for msgfmt
configure:18997: found /usr/bin/msgfmt
configure:19009: result: /usr/bin/msgfmt
configure:19019: checking for gmsgfmt
configure:19055: result: /usr/bin/msgfmt
configure:19075: checking for perl
configure:19098: found /usr/bin/perl
configure:19110: result: /usr/bin/perl
configure:19121: checking for perl >= 5.8.1
configure:19128: result: 5.36.0
configure:19132: checking for XML::Parser
configure:19135: result: ok
configure:19149: checking for localtime_r
configure:19149: gcc -o conftest -g -O2   conftest.c  >&5
configure:19149: $? = 0
configure:19149: result: yes
configure:19156: checking for struct tm.tm_gmtoff
configure:19156: gcc -c -g -O2  conftest.c >&5
configure:19156: $? = 0
configure:19156: result: yes
configure:19225: checking for pkg-config
configure:19248: found /usr/bin/pkg-config
configure:19260: result: /usr/bin/pkg-config
configure:19285: checking pkg-config is at least version 0.9.0
configure:19288: result: yes
configure:19298: checking for glib-2.0 >= 2.16.0 gobject-2.0 sqlite3 libplist >= 1.0 gmodule-2.0
configure:19305: $PKG_CONFIG --exists --print-errors "glib-2.0 >= 2.16.0 gobject-2.0 sqlite3 libplist >= 1.0 gmodule-2.0"
configure:19308: $? = 0
configure:19322: $PKG_CONFIG --exists --print-errors "glib-2.0 >= 2.16.0 gobject-2.0 sqlite3 libplist >= 1.0 gmodule-2.0"
configure:19325: $? = 0
configure:19383: result: yes
configure:19392: checking for g_int64_hash
configure:19392: gcc -o conftest -I/usr/include/glib-2.0 -I/usr/lib/x86_64-linux-gnu/glib-2.0/include -pthread  -g -O2   conftest.c -lgobject-2.0 -lsqlite3 -lplist-2.0 -Wl,--export-dynamic -lgmodule-2.0 -pthread -lglib-2.0 -lglib-2.0   >&5
configure:19392: $? = 0
configure:19392: result: yes
configure:19398: checking for g_int64_equal
configure:19398: gcc -o conftest -I/usr/include/glib-2.0 -I/usr/lib/x86_64-linux-gnu/glib-2.0/include -pthread  -g -O2   conftest.c -lgobject-2.0 -lsqlite3 -lplist-2.0 -Wl,--export-dynamic -lgmodule-2.0 -pthread -lglib-2.0 -lglib-2.0   >&5
configure:19398: $? = 0
configure:19398: result: yes
configure:19405: checking for g_checksum_reset
configure:19405: gcc -o conftest -I/usr/include/glib-2.0 -I/usr/lib/x86_64-linux-gnu/glib-2.0/include -pthread  -g -O2   conftest.c -lgobject-2.0 -lsqlite3 -lplist-2.0 -Wl,--export-dynamic -lgmodule-2.0 -pthread -lglib-2.0 -lglib-2.0   >&5
configure:19405: $? = 0
configure:19405: result: yes
configure:19412: checking for g_mapped_file_unref
configure:19412: gcc -o conftest -I/usr/include/glib-2.0 -I/usr/lib/x86_64-linux-gnu/glib-2.0/include -pthread  -g -O2   conftest.c -lgobject-2.0 -lsqlite3 -lplist-2.0 -Wl,--export-dynamic -lgmodule-2.0 -pthread -lglib-2.0 -lglib-2.0   >&5
configure:19412: $? = 0
configure:19412: result: yes
configure:19422: checking for sg_ll_inquiry in -lsgutils2
configure:19445: gcc -o conftest -g -O2   conftest.c -lsgutils2   >&5
/usr/bin/ld: cannot find -lsgutils2: No such file or directory
collect2: error: ld returned 1 exit status
configure:19445: $? = 1
configure: failed program was:
| /* confdefs.h */
| #define PACKAGE_NAME "libgpod"
| #define PACKAGE_TARNAME "libgpod"
| #define PACKAGE_VERSION "0.8.3"
| #define PACKAGE_STRING "libgpod 0.8.3"
| #define PACKAGE_BUGREPORT ""
| #define PACKAGE_URL ""
| #define PACKAGE "libgpod"
| #define VERSION "0.8.3"
| #define HAVE_STDIO_H 1
| #define HAVE_STDLIB_H 1
| #define HAVE_STRING_H 1
| #define HAVE_INTTYPES_H 1
| #define HAVE_STDINT_H 1
| #define HAVE_STRINGS_H 1
| #define HAVE_SYS_STAT_H 1
| #define HAVE_SYS_TYPES_H 1
| #define HAVE_UNISTD_H 1
| #define HAVE_WCHAR_H 1
| #define STDC_HEADERS 1
| #define _ALL_SOURCE 1
| #define _DARWIN_C_SOURCE 1
| #define _GNU_SOURCE 1
| #define _HPUX_ALT_XOPEN_SOCKET_API 1
| #define _NETBSD_SOURCE 1
| #define _OPENBSD_SOURCE 1
| #define _POSIX_PTHREAD_SEMANTICS 1
| #define __STDC_WANT_IEC_60559_ATTRIBS_EXT__ 1
| #define __STDC_WANT_IEC_60559_BFP_EXT__ 1
| #define __STDC_WANT_IEC_60559_DFP_EXT__ 1
| #define __STDC_WANT_IEC_60559_FUNCS_EXT__ 1
| #define __STDC_WANT_IEC_60559_TYPES_EXT__ 1
| #define __STDC_WANT_LIB_EXT2__ 1
| #define __STDC_WANT_MATH_SPEC_FUNCS__ 1
| #define _TANDEM_SOURCE 1
| #define __EXTENSIONS__ 1
| #define HAVE_DLFCN_H 1
| #define LT_OBJDIR ".libs/"
| #define HAVE_LOCALTIME_R 1
| #define HAVE_STRUCT_TM_TM_GMTOFF 1
| #define HAVE_G_INT64_HASH 1
| #define HAVE_G_INT64_EQUAL 1
| #define HAVE_G_CHECKSUM_RESET 1
| #define HAVE_G_MAPPED_FILE_UNREF 1
| /* end confdefs.h.  */
| 
| /* Override any GCC internal prototype to avoid an error.
|    Use char because int might match the return type of a GCC
|    builtin and then its argument prototype would still apply.  */
| char sg_ll_inquiry ();
| int
| main (void)
| {
| return sg_ll_inquiry ();
|   ;
|   return 0;
| }
configure:19455: result: no
configure:19465: checking for sg_ll_inquiry in -lsgutils
configure:19488: gcc -o conftest -g -O2   conftest.c -lsgutils   >&5
/usr/bin/ld: cannot find -lsgutils: No such file or directory
collect2: error: ld returned 1 exit status
configure:19488: $? = 1
configure: failed program was:
| /* confdefs.h */
| #define PACKAGE_NAME "libgpod"
| #define PACKAGE_TARNAME "libgpod"
| #define PACKAGE_VERSION "0.8.3"
| #define PACKAGE_STRING "libgpod 0.8.3"
| #define PACKAGE_BUGREPORT ""
| #define PACKAGE_URL ""
| #define PACKAGE "libgpod"
| #define VERSION "0.8.3"
| #define HAVE_STDIO_H 1
| #define HAVE_STDLIB_H 1
| #define HAVE_STRING_H 1
| #define HAVE_INTTYPES_H 1
| #define HAVE_STDINT_H 1
| #define HAVE_STRINGS_H 1
| #define HAVE_SYS_STAT_H 1
| #define HAVE_SYS_TYPES_H 1
| #define HAVE_UNISTD_H 1
| #define HAVE_WCHAR_H 1
| #define STDC_HEADERS 1
| #define _ALL_SOURCE 1
| #define _DARWIN_C_SOURCE 1
| #define _GNU_SOURCE 1
| #define _HPUX_ALT_XOPEN_SOCKET_API 1
| #define _NETBSD_SOURCE 1
| #define _OPENBSD_SOURCE 1
| #define _POSIX_PTHREAD_SEMANTICS 1
| #define __STDC_WANT_IEC_60559_ATTRIBS_EXT__ 1
| #define __STDC_WANT_IEC_60559_BFP_EXT__ 1
| #define __STDC_WANT_IEC_60559_DFP_EXT__ 1
| #define __STDC_WANT_IEC_60559_FUNCS_EXT__ 1
| #define __STDC_WANT_IEC_60559_TYPES_EXT__ 1
| #define __STDC_WANT_LIB_EXT2__ 1
| #define __STDC_WANT_MATH_SPEC_FUNCS__ 1
| #define _TANDEM_SOURCE 1
| #define __EXTENSIONS__ 1
| #define HAVE_DLFCN_H 1
| #define LT_OBJDIR ".libs/"
| #define HAVE_LOCALTIME_R 1
| #define HAVE_STRUCT_TM_TM_GMTOFF 1
| #define HAVE_G_INT64_HASH 1
| #define HAVE_G_INT64_EQUAL 1
| #define HAVE_G_CHECKSUM_RESET 1
| #define HAVE_G_MAPPED_FILE_UNREF 1
| /* end confdefs.h.  */
| 
| /* Override any GCC internal prototype to avoid an error.
|    Use char because int might match the return type of a GCC
|    builtin and then its argument prototype would still apply.  */
| char sg_ll_inquiry ();
| int
| main (void)
| {
| return sg_ll_inquiry ();
|   ;
|   return 0;
| }
configure:19498: result: no
configure:19525: checking for libusb-1.0
configure:19532: $PKG_CONFIG --exists --print-errors "libusb-1.0"
Package libusb-1.0 was not found in the pkg-config search path.
Perhaps you should add the directory containing `libusb-1.0.pc'
to the PKG_CONFIG_PATH environment variable
Package 'libusb-1.0', required by 'virtual:world', not found
configure:19535: $? = 1
configure:19549: $PKG_CONFIG --exists --print-errors "libusb-1.0"
Package libusb-1.0 was not found in the pkg-config search path.
Perhaps you should add the directory containing `libusb-1.0.pc'
to the PKG_CONFIG_PATH environment variable
Package 'libusb-1.0', required by 'virtual:world', not found
configure:19552: $? = 1
configure:19566: result: no
Package 'libusb-1.0', required by 'virtual:world', not found
configure:19608: checking for inflate in -lz
configure:19631: gcc -o conftest -g -O2   conftest.c -lz   >&5
configure:19631: $? = 0
configure:19641: result: yes
configure:19851: checking for libimobiledevice-1.0 >= 0.9.7
configure:19858: $PKG_CONFIG --exists --print-errors "libimobiledevice-1.0 >= 0.9.7"
configure:19861: $? = 0
configure:19875: $PKG_CONFIG --exists --print-errors "libimobiledevice-1.0 >= 0.9.7"
configure:19878: $? = 0
configure:19916: result: yes
configure:19930: $PKG_CONFIG --exists --print-errors "libimobiledevice-1.0 >= 1.1.5"
configure:19933: $? = 0
configure:20014: checking for taglib
configure:20021: $PKG_CONFIG --exists --print-errors "taglib"
Package taglib was not found in the pkg-config search path.
Perhaps you should add the directory containing `taglib.pc'
to the PKG_CONFIG_PATH environment variable
Package 'taglib', required by 'virtual:world', not found
configure:20024: $? = 1
configure:20038: $PKG_CONFIG --exists --print-errors "taglib"
Package taglib was not found in the pkg-config search path.
Perhaps you should add the directory containing `taglib.pc'
to the PKG_CONFIG_PATH environment variable
Package 'taglib', required by 'virtual:world', not found
configure:20041: $? = 1
configure:20055: result: no
Package 'taglib', required by 'virtual:world', not found
configure:20112: checking for libxml-2.0
configure:20119: $PKG_CONFIG --exists --print-errors "libxml-2.0"
configure:20122: $? = 0
configure:20136: $PKG_CONFIG --exists --print-errors "libxml-2.0"
configure:20139: $? = 0
configure:20197: result: yes
configure:20221: checking for gdk-pixbuf-2.0 >= 2.6.0
configure:20228: $PKG_CONFIG --exists --print-errors "$GDKPIXBUF_REQ >= 2.6.0"
configure:20231: $? = 0
configure:20245: $PKG_CONFIG --exists --print-errors "$GDKPIXBUF_REQ >= 2.6.0"
configure:20248: $? = 0
configure:20286: result: yes
configure:20327: checking for pygobject-3.0 >= 3.0
configure:20334: $PKG_CONFIG --exists --print-errors "pygobject-3.0 >= 3.0"
configure:20337: $? = 0
configure:20351: $PKG_CONFIG --exists --print-errors "pygobject-3.0 >= 3.0"
configure:20354: $? = 0
configure:20392: result: yes
configure:20426: checking for locale.h
configure:20426: gcc -c -g -O2  conftest.c >&5
configure:20426: $? = 0
configure:20426: result: yes
configure:20434: checking for LC_MESSAGES
configure:20451: gcc -o conftest -g -O2   conftest.c  >&5
configure:20451: $? = 0
configure:20460: result: yes
configure:20478: checking for CFPreferencesCopyAppValue
configure:20497: gcc -o conftest -g -O2   conftest.c  -Wl,-framework -Wl,CoreFoundation >&5
conftest.c:56:10: fatal error: CoreFoundation/CFPreferences.h: No such file or directory
   56 | #include <CoreFoundation/CFPreferences.h>
      |          ^~~~~~~~~~~~~~~~~~~~~~~~~~~~~~~~
compilation terminated.
configure:20497: $? = 1
configure: failed program was:
| /* confdefs.h */
| #define PACKAGE_NAME "libgpod"
| #define PACKAGE_TARNAME "libgpod"
| #define PACKAGE_VERSION "0.8.3"
| #define PACKAGE_STRING "libgpod 0.8.3"
| #define PACKAGE_BUGREPORT ""
| #define PACKAGE_URL ""
| #define PACKAGE "libgpod"
| #define VERSION "0.8.3"
| #define HAVE_STDIO_H 1
| #define HAVE_STDLIB_H 1
| #define HAVE_STRING_H 1
| #define HAVE_INTTYPES_H 1
| #define HAVE_STDINT_H 1
| #define HAVE_STRINGS_H 1
| #define HAVE_SYS_STAT_H 1
| #define HAVE_SYS_TYPES_H 1
| #define HAVE_UNISTD_H 1
| #define HAVE_WCHAR_H 1
| #define STDC_HEADERS 1
| #define _ALL_SOURCE 1
| #define _DARWIN_C_SOURCE 1
| #define _GNU_SOURCE 1
| #define _HPUX_ALT_XOPEN_SOCKET_API 1
| #define _NETBSD_SOURCE 1
| #define _OPENBSD_SOURCE 1
| #define _POSIX_PTHREAD_SEMANTICS 1
| #define __STDC_WANT_IEC_60559_ATTRIBS_EXT__ 1
| #define __STDC_WANT_IEC_60559_BFP_EXT__ 1
| #define __STDC_WANT_IEC_60559_DFP_EXT__ 1
| #define __STDC_WANT_IEC_60559_FUNCS_EXT__ 1
| #define __STDC_WANT_IEC_60559_TYPES_EXT__ 1
| #define __STDC_WANT_LIB_EXT2__ 1
| #define __STDC_WANT_MATH_SPEC_FUNCS__ 1
| #define _TANDEM_SOURCE 1
| #define __EXTENSIONS__ 1
| #define HAVE_DLFCN_H 1
| #define LT_OBJDIR ".libs/"
| #define HAVE_LOCALTIME_R 1
| #define HAVE_STRUCT_TM_TM_GMTOFF 1
| #define HAVE_G_INT64_HASH 1
| #define HAVE_G_INT64_EQUAL 1
| #define HAVE_G_CHECKSUM_RESET 1
| #define HAVE_G_MAPPED_FILE_UNREF 1
| #define HAVE_ZLIB 1
| #define HAVE_LIBIMOBILEDEVICE 1
| #define HAVE_LIBIMOBILEDEVICE_1_1_5 1
| #define TMPMOUNTDIR "/tmp/"
| #define HAVE_LIBXML 1
| #define HAVE_GDKPIXBUF 1
| #define HAVE_PYGOBJECT 1
| #define GETTEXT_PACKAGE "libgpod"
| #define HAVE_LOCALE_H 1
| #define HAVE_LC_MESSAGES 1
| /* end confdefs.h.  */
| #include <CoreFoundation/CFPreferences.h>
| int
| main (void)
| {
| CFPreferencesCopyAppValue(NULL, NULL)
|   ;
|   return 0;
| }
configure:20507: result: no
configure:20514: checking for CFLocaleCopyCurrent
configure:20533: gcc -o conftest -g -O2   conftest.c  -Wl,-framework -Wl,CoreFoundation >&5
conftest.c:56:10: fatal error: CoreFoundation/CFLocale.h: No such file or directory
   56 | #include <CoreFoundation/CFLocale.h>
      |          ^~~~~~~~~~~~~~~~~~~~~~~~~~~
compilation terminated.
configure:20533: $? = 1
configure: failed program was:
| /* confdefs.h */
| #define PACKAGE_NAME "libgpod"
| #define PACKAGE_TARNAME "libgpod"
| #define PACKAGE_VERSION "0.8.3"
| #define PACKAGE_STRING "libgpod 0.8.3"
| #define PACKAGE_BUGREPORT ""
| #define PACKAGE_URL ""
| #define PACKAGE "libgpod"
| #define VERSION "0.8.3"
| #define HAVE_STDIO_H 1
| #define HAVE_STDLIB_H 1
| #define HAVE_STRING_H 1
| #define HAVE_INTTYPES_H 1
| #define HAVE_STDINT_H 1
| #define HAVE_STRINGS_H 1
| #define HAVE_SYS_STAT_H 1
| #define HAVE_SYS_TYPES_H 1
| #define HAVE_UNISTD_H 1
| #define HAVE_WCHAR_H 1
| #define STDC_HEADERS 1
| #define _ALL_SOURCE 1
| #define _DARWIN_C_SOURCE 1
| #define _GNU_SOURCE 1
| #define _HPUX_ALT_XOPEN_SOCKET_API 1
| #define _NETBSD_SOURCE 1
| #define _OPENBSD_SOURCE 1
| #define _POSIX_PTHREAD_SEMANTICS 1
| #define __STDC_WANT_IEC_60559_ATTRIBS_EXT__ 1
| #define __STDC_WANT_IEC_60559_BFP_EXT__ 1
| #define __STDC_WANT_IEC_60559_DFP_EXT__ 1
| #define __STDC_WANT_IEC_60559_FUNCS_EXT__ 1
| #define __STDC_WANT_IEC_60559_TYPES_EXT__ 1
| #define __STDC_WANT_LIB_EXT2__ 1
| #define __STDC_WANT_MATH_SPEC_FUNCS__ 1
| #define _TANDEM_SOURCE 1
| #define __EXTENSIONS__ 1
| #define HAVE_DLFCN_H 1
| #define LT_OBJDIR ".libs/"
| #define HAVE_LOCALTIME_R 1
| #define HAVE_STRUCT_TM_TM_GMTOFF 1
| #define HAVE_G_INT64_HASH 1
| #define HAVE_G_INT64_EQUAL 1
| #define HAVE_G_CHECKSUM_RESET 1
| #define HAVE_G_MAPPED_FILE_UNREF 1
| #define HAVE_ZLIB 1
| #define HAVE_LIBIMOBILEDEVICE 1
| #define HAVE_LIBIMOBILEDEVICE_1_1_5 1
| #define TMPMOUNTDIR "/tmp/"
| #define HAVE_LIBXML 1
| #define HAVE_GDKPIXBUF 1
| #define HAVE_PYGOBJECT 1
| #define GETTEXT_PACKAGE "libgpod"
| #define HAVE_LOCALE_H 1
| #define HAVE_LC_MESSAGES 1
| /* end confdefs.h.  */
| #include <CoreFoundation/CFLocale.h>
| int
| main (void)
| {
| CFLocaleCopyCurrent();
|   ;
|   return 0;
| }
configure:20543: result: no
configure:20557: checking for libintl.h
configure:20557: gcc -c -g -O2  conftest.c >&5
configure:20557: $? = 0
configure:20557: result: yes
configure:20566: checking for ngettext in libc
configure:20585: gcc -o conftest -g -O2   conftest.c  >&5
configure:20585: $? = 0
configure:20595: result: yes
configure:20599: checking for dgettext in libc
configure:20618: gcc -o conftest -g -O2   conftest.c  >&5
configure:20618: $? = 0
configure:20628: result: yes
configure:20633: checking for bind_textdomain_codeset
configure:20633: gcc -o conftest -g -O2   conftest.c  >&5
configure:20633: $? = 0
configure:20633: result: yes
configure:20903: checking for msgfmt
configure:20931: result: /usr/bin/msgfmt
configure:20940: checking for dcgettext
configure:20940: gcc -o conftest -g -O2   conftest.c   >&5
conftest.c:74:6: warning: conflicting types for built-in function 'dcgettext'; expected 'char *(const char *, const char *, int)' [-Wbuiltin-declaration-mismatch]
   74 | char dcgettext ();
      |      ^~~~~~~~~
configure:20940: $? = 0
configure:20940: result: yes
configure:20948: checking if msgfmt accepts -c
configure:20963: $MSGFMT -c -o /dev/null conftest.foo
conftest.foo:3: warning: header field 'Language' missing in header
configure:20966: $? = 0
configure:20968: result: yes
configure:20978: checking for gmsgfmt
configure:21014: result: /usr/bin/msgfmt
configure:21024: checking for xgettext
configure:21052: result: /usr/bin/xgettext
configure:21071: gcc -o conftest -g -O2   conftest.c   >&5
configure:21071: $? = 0
configure:21154: checking for catalogs to be installed
configure:21179: result:  de es fr he it ja ro sv zh_CN
configure:21217: checking for gtk-doc
configure:21220: $PKG_CONFIG --exists --print-errors "$gtk_doc_requires"
configure:21223: $? = 0
configure:21229: result: yes
configure:21243: checking for gtkdoc-check
configure:21264: found /usr/bin/gtkdoc-check
configure:21275: result: gtkdoc-check.test
configure:21285: checking for gtkdoc-check
configure:21308: found /usr/bin/gtkdoc-check
configure:21320: result: /usr/bin/gtkdoc-check
configure:21332: checking for gtkdoc-rebase
configure:21355: found /usr/bin/gtkdoc-rebase
configure:21367: result: /usr/bin/gtkdoc-rebase
configure:21381: checking for gtkdoc-mkpdf
configure:21404: found /usr/bin/gtkdoc-mkpdf
configure:21416: result: /usr/bin/gtkdoc-mkpdf
configure:21446: checking whether to build gtk-doc documentation
configure:21448: result: no
configure:21461: checking for glib-2.0 >= 2.10.0 gobject-2.0  >= 2.10.0
configure:21468: $PKG_CONFIG --exists --print-errors "glib-2.0 >= 2.10.0 gobject-2.0  >= 2.10.0"
configure:21471: $? = 0
configure:21485: $PKG_CONFIG --exists --print-errors "glib-2.0 >= 2.10.0 gobject-2.0  >= 2.10.0"
configure:21488: $? = 0
configure:21526: result: yes
configure:21625: checking whether to build python bindings
configure:21633: result: yes
configure:21694: checking whether /usr/bin/python3 version is >= 3.11.0
configure:21705: /usr/bin/python3 -c import sys # split strings by '.' and convert to numeric. Append some zeros # because we need at least 4 digits for the hex conversion. # map returns an iterator in Python 3.0 and a list in 2.x minver = list(map(int, '3.11.0'.split('.'))) + [0, 0, 0] minverhex = 0 # xrange is not present in Python 3.0 and range returns an iterator for i in list(range(0, 4)): minverhex = (minverhex << 8) + minver[i] sys.exit(sys.hexversion < minverhex)
configure:21708: $? = 0
configure:21711: result: yes
configure:21810: checking for /usr/bin/python3 version
configure:21818: result: 3.11
configure:21823: checking for /usr/bin/python3 platform
configure:21831: result: linux
configure:21892: checking for GNU default /usr/bin/python3 prefix
configure:21894: result: ${prefix}
configure:21960: checking for GNU default /usr/bin/python3 exec_prefix
configure:21962: result: ${exec_prefix}
configure:21993: checking for /usr/bin/python3 script directory (pythondir)
configure:22035: result: ${PYTHON_PREFIX}/lib/python3.11/site-packages
configure:22043: checking for /usr/bin/python3 extension module directory (pyexecdir)
configure:22085: result: ${PYTHON_EXEC_PREFIX}/lib/python3.11/site-packages
configure:22098: checking for python development headers
configure:22113: checking for Python.h
configure:22113: gcc -c -g -O2  -I/usr/include/python3.11 -I/usr/include/python3.11 conftest.c >&5
configure:22113: $? = 0
configure:22113: result: yes
configure:22117: result: found
configure:22144: checking for python module mutagen >= 1.8
configure:22173: result: yes
configure:22188: checking for swig
configure:22211: found /usr/bin/swig
configure:22223: result: /usr/bin/swig
configure:22234: checking SWIG version
configure:22237: result: 4.1.0
configure:22286: checking for SWIG library
configure:22289: result: /usr/share/swig4.0
configure:22335: checking whether to build mono bindings
configure:22337: result: auto
configure:22359: checking for mono >= 1.9.1
configure:22366: $PKG_CONFIG --exists --print-errors "mono >= $MONO_MIN_VERSION"
Package mono was not found in the pkg-config search path.
Perhaps you should add the directory containing `mono.pc'
to the PKG_CONFIG_PATH environment variable
Package 'mono', required by 'virtual:world', not found
configure:22369: $? = 1
configure:22383: $PKG_CONFIG --exists --print-errors "mono >= $MONO_MIN_VERSION"
Package mono was not found in the pkg-config search path.
Perhaps you should add the directory containing `mono.pc'
to the PKG_CONFIG_PATH environment variable
Package 'mono', required by 'virtual:world', not found
configure:22386: $? = 1
configure:22400: result: no
Package 'mono', required by 'virtual:world', not found
configure:22441: checking for gmcs
configure:22477: result: no
configure:22501: checking for mono
configure:22524: found /usr/bin/mono
configure:22537: result: /usr/bin/mono
configure:22560: checking for gtk-sharp-2.0 >= 2.12
configure:22567: $PKG_CONFIG --exists --print-errors "gtk-sharp-2.0 >= $GTK_SHARP_MIN_VERSION"
configure:22570: $? = 0
configure:22584: $PKG_CONFIG --exists --print-errors "gtk-sharp-2.0 >= $GTK_SHARP_MIN_VERSION"
configure:22587: $? = 0
configure:22625: result: yes
configure:22633: checking for glib-sharp-2.0 >= 2.12
configure:22640: $PKG_CONFIG --exists --print-errors "glib-sharp-2.0 >= $GTK_SHARP_MIN_VERSION"
configure:22643: $? = 0
configure:22657: $PKG_CONFIG --exists --print-errors "glib-sharp-2.0 >= $GTK_SHARP_MIN_VERSION"
configure:22660: $? = 0
configure:22698: result: yes
configure:22728: checking alignment of double
configure:22734: gcc -o conftest -g -O2   conftest.c  >&5
configure:22734: $? = 0
configure:22734: ./conftest
configure:22734: $? = 0
configure:22750: result: 8
configure:22780: checking for more warnings
configure:22826: result: no
configure:22848: checking whether make supports nested variables
configure:22866: result: yes
configure:22980: checking that generated files are newer than configure
configure:22986: result: done
configure:23093: creating ./config.status

## ---------------------- ##
## Running config.status. ##
## ---------------------- ##

This file was extended by libgpod config.status 0.8.3, which was
generated by GNU Autoconf 2.71.  Invocation command line was

  CONFIG_FILES    = 
  CONFIG_HEADERS  = 
  CONFIG_LINKS    = 
  CONFIG_COMMANDS = 
  $ ./config.status 

on basement-lab

config.status:1379: creating Makefile
config.status:1379: creating bindings/Makefile
config.status:1379: creating bindings/mono/Makefile
config.status:1379: creating bindings/mono/libgpod-sharp/libgpod-sharp.pc
config.status:1379: creating bindings/mono/libgpod-sharp/Makefile
config.status:1379: creating bindings/mono/libgpod-sharp-test/Makefile
config.status:1379: creating bindings/mono/libgpod-sharp-test/libgpod-sharp-test
config.status:1379: creating bindings/python/gpod.i
config.status:1379: creating bindings/python/Makefile
config.status:1379: creating bindings/python/examples/Makefile
config.status:1379: creating bindings/python/tests/Makefile
config.status:1379: creating docs/Makefile
config.status:1379: creating docs/reference/Makefile
config.status:1379: creating docs/reference/version.xml
config.status:1379: creating m4/Makefile
config.status:1379: creating po/Makefile.in
config.status:1379: creating src/Makefile
config.status:1379: creating tools/Makefile
config.status:1379: creating tests/Makefile
config.status:1379: creating libgpod-1.0.pc
config.status:1379: creating tools/90-libgpod.rules
config.status:1379: creating config.h
config.status:1608: executing depfiles commands
config.status:1685: cd bindings/python       && sed -e '/# am--include-marker/d' Makefile         | make -f - am--depfiles
config.status:1690: $? = 0
config.status:1685: cd src       && sed -e '/# am--include-marker/d' Makefile         | make -f - am--depfiles
config.status:1690: $? = 0
config.status:1685: cd tools       && sed -e '/# am--include-marker/d' Makefile         | make -f - am--depfiles
config.status:1690: $? = 0
config.status:1685: cd tests       && sed -e '/# am--include-marker/d' Makefile         | make -f - am--depfiles
config.status:1690: $? = 0
config.status:1608: executing libtool commands
config.status:1608: executing default-1 commands
config.status:1608: executing po/stamp-it commands

## ---------------- ##
## Cache variables. ##
## ---------------- ##

ac_cv_alignof_double=8
ac_cv_build=x86_64-unknown-linux-gnu
ac_cv_c_compiler_gnu=yes
ac_cv_cxx_compiler_gnu=yes
ac_cv_env_CCC_set=
ac_cv_env_CCC_value=
ac_cv_env_CC_set=
ac_cv_env_CC_value=
ac_cv_env_CFLAGS_set=
ac_cv_env_CFLAGS_value=
ac_cv_env_CPPFLAGS_set=
ac_cv_env_CPPFLAGS_value=
ac_cv_env_CXXCPP_set=
ac_cv_env_CXXCPP_value=
ac_cv_env_CXXFLAGS_set=
ac_cv_env_CXXFLAGS_value=
ac_cv_env_CXX_set=
ac_cv_env_CXX_value=
ac_cv_env_GDKPIXBUF_CFLAGS_set=
ac_cv_env_GDKPIXBUF_CFLAGS_value=
ac_cv_env_GDKPIXBUF_LIBS_set=
ac_cv_env_GDKPIXBUF_LIBS_value=
ac_cv_env_GDKSHARP_CFLAGS_set=
ac_cv_env_GDKSHARP_CFLAGS_value=
ac_cv_env_GDKSHARP_LIBS_set=
ac_cv_env_GDKSHARP_LIBS_value=
ac_cv_env_GLIBSHARP_CFLAGS_set=
ac_cv_env_GLIBSHARP_CFLAGS_value=
ac_cv_env_GLIBSHARP_LIBS_set=
ac_cv_env_GLIBSHARP_LIBS_value=
ac_cv_env_GTKDOC_DEPS_CFLAGS_set=
ac_cv_env_GTKDOC_DEPS_CFLAGS_value=
ac_cv_env_GTKDOC_DEPS_LIBS_set=
ac_cv_env_GTKDOC_DEPS_LIBS_value=
ac_cv_env_HAL_CFLAGS_set=
ac_cv_env_HAL_CFLAGS_value=
ac_cv_env_HAL_LIBS_set=
ac_cv_env_HAL_LIBS_value=
ac_cv_env_LDFLAGS_set=
ac_cv_env_LDFLAGS_value=
ac_cv_env_LIBGPOD_CFLAGS_set=
ac_cv_env_LIBGPOD_CFLAGS_value=
ac_cv_env_LIBGPOD_LIBS_set=
ac_cv_env_LIBGPOD_LIBS_value=
ac_cv_env_LIBIMOBILEDEVICE_CFLAGS_set=
ac_cv_env_LIBIMOBILEDEVICE_CFLAGS_value=
ac_cv_env_LIBIMOBILEDEVICE_LIBS_set=
ac_cv_env_LIBIMOBILEDEVICE_LIBS_value=
ac_cv_env_LIBS_set=
ac_cv_env_LIBS_value=
ac_cv_env_LIBUSB_CFLAGS_set=
ac_cv_env_LIBUSB_CFLAGS_value=
ac_cv_env_LIBUSB_LIBS_set=
ac_cv_env_LIBUSB_LIBS_value=
ac_cv_env_LIBXML_CFLAGS_set=
ac_cv_env_LIBXML_CFLAGS_value=
ac_cv_env_LIBXML_LIBS_set=
ac_cv_env_LIBXML_LIBS_value=
ac_cv_env_LT_SYS_LIBRARY_PATH_set=
ac_cv_env_LT_SYS_LIBRARY_PATH_value=
ac_cv_env_MONO_MODULE_CFLAGS_set=
ac_cv_env_MONO_MODULE_CFLAGS_value=
ac_cv_env_MONO_MODULE_LIBS_set=
ac_cv_env_MONO_MODULE_LIBS_value=
ac_cv_env_PKG_CONFIG_LIBDIR_set=
ac_cv_env_PKG_CONFIG_LIBDIR_value=
ac_cv_env_PKG_CONFIG_PATH_set=
ac_cv_env_PKG_CONFIG_PATH_value=
ac_cv_env_PKG_CONFIG_set=
ac_cv_env_PKG_CONFIG_value=
ac_cv_env_PYGOBJECT_CFLAGS_set=
ac_cv_env_PYGOBJECT_CFLAGS_value=
ac_cv_env_PYGOBJECT_LIBS_set=
ac_cv_env_PYGOBJECT_LIBS_value=
ac_cv_env_PYTHON_set=
ac_cv_env_PYTHON_value=
ac_cv_env_TAGLIB_CFLAGS_set=
ac_cv_env_TAGLIB_CFLAGS_value=
ac_cv_env_TAGLIB_LIBS_set=
ac_cv_env_TAGLIB_LIBS_value=
ac_cv_env_build_alias_set=
ac_cv_env_build_alias_value=
ac_cv_env_host_alias_set=
ac_cv_env_host_alias_value=
ac_cv_env_target_alias_set=
ac_cv_env_target_alias_value=
ac_cv_func_bind_textdomain_codeset=yes
ac_cv_func_dcgettext=yes
ac_cv_func_g_checksum_reset=yes
ac_cv_func_g_int64_equal=yes
ac_cv_func_g_int64_hash=yes
ac_cv_func_g_mapped_file_unref=yes
ac_cv_func_localtime_r=yes
ac_cv_header_Python_h=yes
ac_cv_header_dlfcn_h=yes
ac_cv_header_inttypes_h=yes
ac_cv_header_libintl_h=yes
ac_cv_header_locale_h=yes
ac_cv_header_minix_config_h=no
ac_cv_header_stdint_h=yes
ac_cv_header_stdio_h=yes
ac_cv_header_stdlib_h=yes
ac_cv_header_string_h=yes
ac_cv_header_strings_h=yes
ac_cv_header_sys_stat_h=yes
ac_cv_header_sys_types_h=yes
ac_cv_header_unistd_h=yes
ac_cv_header_wchar_h=yes
ac_cv_host=x86_64-unknown-linux-gnu
ac_cv_lib_sgutils2_sg_ll_inquiry=no
ac_cv_lib_sgutils_sg_ll_inquiry=no
ac_cv_lib_z_inflate=yes
ac_cv_member_struct_tm_tm_gmtoff=yes
ac_cv_objext=o
ac_cv_path_EGREP='/usr/bin/grep -E'
ac_cv_path_FGREP='/usr/bin/grep -F'
ac_cv_path_GMSGFMT=/usr/bin/msgfmt
ac_cv_path_GREP=/usr/bin/grep
ac_cv_path_GTKDOC_CHECK_PATH=/usr/bin/gtkdoc-check
ac_cv_path_GTKDOC_MKPDF=/usr/bin/gtkdoc-mkpdf
ac_cv_path_GTKDOC_REBASE=/usr/bin/gtkdoc-rebase
ac_cv_path_INTLTOOL_EXTRACT=/usr/bin/intltool-extract
ac_cv_path_INTLTOOL_MERGE=/usr/bin/intltool-merge
ac_cv_path_INTLTOOL_PERL=/usr/bin/perl
ac_cv_path_INTLTOOL_UPDATE=/usr/bin/intltool-update
ac_cv_path_MCS=no
ac_cv_path_MONO=/usr/bin/mono
ac_cv_path_MSGFMT=/usr/bin/msgfmt
ac_cv_path_MSGMERGE=/usr/bin/msgmerge
ac_cv_path_SED=/usr/bin/sed
ac_cv_path_SWIG=/usr/bin/swig
ac_cv_path_XGETTEXT=/usr/bin/xgettext
ac_cv_path_ac_pt_PKG_CONFIG=/usr/bin/pkg-config
ac_cv_path_install='/usr/bin/install -c'
ac_cv_path_lt_DD=/usr/bin/dd
ac_cv_path_mkdir=/usr/bin/mkdir
ac_cv_prog_AWK=gawk
ac_cv_prog_CXXCPP='g++ -E'
ac_cv_prog_GTKDOC_CHECK=gtkdoc-check.test
ac_cv_prog_ac_ct_AR=ar
ac_cv_prog_ac_ct_CC=gcc
ac_cv_prog_ac_ct_CXX=g++
ac_cv_prog_ac_ct_FILECMD=file
ac_cv_prog_ac_ct_MANIFEST_TOOL=mt
ac_cv_prog_ac_ct_OBJDUMP=objdump
ac_cv_prog_ac_ct_RANLIB=ranlib
ac_cv_prog_ac_ct_STRIP=strip
ac_cv_prog_cc_c11=
ac_cv_prog_cc_g=yes
ac_cv_prog_cc_stdc=
ac_cv_prog_cxx_cxx11=
ac_cv_prog_cxx_g=yes
ac_cv_prog_cxx_stdcxx=
ac_cv_prog_make_make_set=yes
ac_cv_safe_to_define___extensions__=yes
ac_cv_should_define__xopen_source=no
am_cv_CC_dependencies_compiler_type=gcc3
am_cv_CXX_dependencies_compiler_type=gcc3
am_cv_make_support_nested_variables=yes
am_cv_prog_cc_c_o=yes
am_cv_python_platform=linux
am_cv_python_pyexecdir='${PYTHON_EXEC_PREFIX}/lib/python3.11/site-packages'
am_cv_python_pythondir='${PYTHON_PREFIX}/lib/python3.11/site-packages'
am_cv_python_version=3.11
am_cv_val_LC_MESSAGES=yes
gt_cv_func_CFLocaleCopyCurrent=no
gt_cv_func_CFPreferencesCopyAppValue=no
gt_cv_func_dgettext_libc=yes
gt_cv_func_dgettext_libintl=no
gt_cv_func_ngettext_libc=yes
gt_cv_have_gettext=yes
lt_cv_ar_at_file=@
lt_cv_archive_cmds_need_lc=no
lt_cv_deplibs_check_method=pass_all
lt_cv_file_magic_cmd='$MAGIC_CMD'
lt_cv_file_magic_test_file=
lt_cv_ld_reload_flag=-r
lt_cv_nm_interface='BSD nm'
lt_cv_objdir=.libs
lt_cv_path_LD=/usr/bin/ld
lt_cv_path_LDCXX='/usr/bin/ld -m elf_x86_64'
lt_cv_path_NM='/usr/bin/nm -B'
lt_cv_path_mainfest_tool=no
lt_cv_prog_compiler_c_o=yes
lt_cv_prog_compiler_c_o_CXX=yes
lt_cv_prog_compiler_pic='-fPIC -DPIC'
lt_cv_prog_compiler_pic_CXX='-fPIC -DPIC'
lt_cv_prog_compiler_pic_works=yes
lt_cv_prog_compiler_pic_works_CXX=yes
lt_cv_prog_compiler_rtti_exceptions=no
lt_cv_prog_compiler_static_works=yes
lt_cv_prog_compiler_static_works_CXX=yes
lt_cv_prog_gnu_ld=yes
lt_cv_prog_gnu_ldcxx=yes
lt_cv_sharedlib_from_linklib_cmd='printf %s\n'
lt_cv_shlibpath_overrides_runpath=yes
lt_cv_sys_global_symbol_pipe='/usr/bin/sed -n -e '\''s/^.*[	 ]\([ABCDGIRSTW][ABCDGIRSTW]*\)[	 ][	 ]*\([_A-Za-z][_A-Za-z0-9]*\)$/\1 \2 \2/p'\'' | /usr/bin/sed '\''/ __gnu_lto/d'\'''
lt_cv_sys_global_symbol_to_c_name_address='/usr/bin/sed -n -e '\''s/^: \(.*\) .*$/  {"\1", (void *) 0},/p'\'' -e '\''s/^[ABCDGIRSTW][ABCDGIRSTW]* .* \(.*\)$/  {"\1", (void *) \&\1},/p'\'''
lt_cv_sys_global_symbol_to_c_name_address_lib_prefix='/usr/bin/sed -n -e '\''s/^: \(.*\) .*$/  {"\1", (void *) 0},/p'\'' -e '\''s/^[ABCDGIRSTW][ABCDGIRSTW]* .* \(lib.*\)$/  {"\1", (void *) \&\1},/p'\'' -e '\''s/^[ABCDGIRSTW][ABCDGIRSTW]* .* \(.*\)$/  {"lib\1", (void *) \&\1},/p'\'''
lt_cv_sys_global_symbol_to_cdecl='/usr/bin/sed -n -e '\''s/^T .* \(.*\)$/extern int \1();/p'\'' -e '\''s/^[ABCDGIRSTW][ABCDGIRSTW]* .* \(.*\)$/extern char \1;/p'\'''
lt_cv_sys_global_symbol_to_import=
lt_cv_sys_max_cmd_len=1572864
lt_cv_to_host_file_cmd=func_convert_file_noop
lt_cv_to_tool_file_cmd=func_convert_file_noop
lt_cv_truncate_bin='/usr/bin/dd bs=4096 count=1'
pkg_cv_GDKPIXBUF_CFLAGS='-I/usr/include/gdk-pixbuf-2.0 -I/usr/include/glib-2.0 -I/usr/lib/x86_64-linux-gnu/glib-2.0/include -I/usr/include/libpng16 -I/usr/include/x86_64-linux-gnu -pthread -I/usr/include/libmount -I/usr/include/blkid '
pkg_cv_GDKPIXBUF_LIBS='-lgdk_pixbuf-2.0 -lgobject-2.0 -lglib-2.0 '
pkg_cv_GDKSHARP_CFLAGS='-I:/usr/lib/pkgconfig/../../share/gapi-2.0/pango-api.xml -I:/usr/lib/pkgconfig/../../share/gapi-2.0/atk-api.xml -I:/usr/lib/pkgconfig/../../share/gapi-2.0/gdk-api.xml -I:/usr/lib/pkgconfig/../../share/gapi-2.0/gtk-api.xml -I:/usr/lib/pkgconfig/../../share/gapi-2.0/glib-api.xml '
pkg_cv_GDKSHARP_LIBS='-r:/usr/lib/pkgconfig/../../lib/cli/pango-sharp-2.0/pango-sharp.dll -r:/usr/lib/pkgconfig/../../lib/cli/atk-sharp-2.0/atk-sharp.dll -r:/usr/lib/pkgconfig/../../lib/cli/gdk-sharp-2.0/gdk-sharp.dll -r:/usr/lib/pkgconfig/../../lib/cli/gtk-sharp-2.0/gtk-sharp.dll -r:/usr/lib/pkgconfig/../../lib/cli/glib-sharp-2.0/glib-sharp.dll '
pkg_cv_GLIBSHARP_CFLAGS='-I:/usr/lib/pkgconfig/../../share/gapi-2.0/glib-api.xml '
pkg_cv_GLIBSHARP_LIBS='-r:/usr/lib/pkgconfig/../../lib/cli/glib-sharp-2.0/glib-sharp.dll '
pkg_cv_GTKDOC_DEPS_CFLAGS='-I/usr/include/glib-2.0 -I/usr/lib/x86_64-linux-gnu/glib-2.0/include '
pkg_cv_GTKDOC_DEPS_LIBS='-lgobject-2.0 -lglib-2.0 '
pkg_cv_LIBGPOD_CFLAGS='-I/usr/include/glib-2.0 -I/usr/lib/x86_64-linux-gnu/glib-2.0/include -pthread '
pkg_cv_LIBGPOD_LIBS='-lgobject-2.0 -lsqlite3 -lplist-2.0 -Wl,--export-dynamic -lgmodule-2.0 -pthread -lglib-2.0 -lglib-2.0 '
pkg_cv_LIBIMOBILEDEVICE_CFLAGS=
pkg_cv_LIBIMOBILEDEVICE_LIBS='-limobiledevice-1.0 -lplist-2.0 '
pkg_cv_LIBXML_CFLAGS='-I/usr/include/libxml2 '
pkg_cv_LIBXML_LIBS='-lxml2 '
pkg_cv_PYGOBJECT_CFLAGS='-I/usr/include/pygobject-3.0 -I/usr/include/glib-2.0 -I/usr/lib/x86_64-linux-gnu/glib-2.0/include '
pkg_cv_PYGOBJECT_LIBS='-lgobject-2.0 -lglib-2.0 '
py_cv_mod_mutagen=no

## ----------------- ##
## Output variables. ##
## ----------------- ##

ACLOCAL='${SHELL} '\''/home/john/tt/libgpod-0.8.3/missing'\'' aclocal-1.16'
ACLOCAL_AMFLAGS=''
ALL_LINGUAS='de es fr he it ja ro sv zh_CN'
AMDEPBACKSLASH='\'
AMDEP_FALSE='#'
AMDEP_TRUE=''
AMTAR='$${TAR-tar}'
AM_BACKSLASH='\'
AM_DEFAULT_V='$(AM_DEFAULT_VERBOSITY)'
AM_DEFAULT_VERBOSITY='0'
AM_V='$(V)'
AR='ar'
AUTOCONF='${SHELL} '\''/home/john/tt/libgpod-0.8.3/missing'\'' autoconf'
AUTOHEADER='${SHELL} '\''/home/john/tt/libgpod-0.8.3/missing'\'' autoheader'
AUTOMAKE='${SHELL} '\''/home/john/tt/libgpod-0.8.3/missing'\'' automake-1.16'
AWK='gawk'
CATALOGS=' de.gmo es.gmo fr.gmo he.gmo it.gmo ja.gmo ro.gmo sv.gmo zh_CN.gmo'
CATOBJEXT='.gmo'
CC='gcc'
CCDEPMODE='depmode=gcc3'
CFLAGS='-g -O2'
CPPFLAGS=''
CSCOPE='cscope'
CTAGS='ctags'
CXX='g++'
CXXCPP='g++ -E'
CXXDEPMODE='depmode=gcc3'
CXXFLAGS='-g -O2'
CYGPATH_W='echo'
DATADIRNAME='share'
DEFS='-DHAVE_CONFIG_H'
DEPDIR='.deps'
DLLTOOL='false'
DSYMUTIL=''
DUMPBIN=''
ECHO_C=''
ECHO_N='-n'
ECHO_T=''
EGREP='/usr/bin/grep -E'
ENABLE_GTK_DOC_FALSE=''
ENABLE_GTK_DOC_TRUE='#'
ETAGS='etags'
EXEEXT=''
FGREP='/usr/bin/grep -F'
FILECMD='file'
GDKPIXBUF_CFLAGS='-I/usr/include/gdk-pixbuf-2.0 -I/usr/include/glib-2.0 -I/usr/lib/x86_64-linux-gnu/glib-2.0/include -I/usr/include/libpng16 -I/usr/include/x86_64-linux-gnu -pthread -I/usr/include/libmount -I/usr/include/blkid '
GDKPIXBUF_LIBS='-lgdk_pixbuf-2.0 -lgobject-2.0 -lglib-2.0 '
GDKPIXBUF_REQ='gdk-pixbuf-2.0'
GDKSHARP_CFLAGS='-I:/usr/lib/pkgconfig/../../share/gapi-2.0/pango-api.xml -I:/usr/lib/pkgconfig/../../share/gapi-2.0/atk-api.xml -I:/usr/lib/pkgconfig/../../share/gapi-2.0/gdk-api.xml -I:/usr/lib/pkgconfig/../../share/gapi-2.0/gtk-api.xml -I:/usr/lib/pkgconfig/../../share/gapi-2.0/glib-api.xml '
GDKSHARP_LIBS='-r:/usr/lib/pkgconfig/../../lib/cli/pango-sharp-2.0/pango-sharp.dll -r:/usr/lib/pkgconfig/../../lib/cli/atk-sharp-2.0/atk-sharp.dll -r:/usr/lib/pkgconfig/../../lib/cli/gdk-sharp-2.0/gdk-sharp.dll -r:/usr/lib/pkgconfig/../../lib/cli/gtk-sharp-2.0/gtk-sharp.dll -r:/usr/lib/pkgconfig/../../lib/cli/glib-sharp-2.0/glib-sharp.dll '
GETTEXT_PACKAGE='libgpod'
GLIBSHARP_CFLAGS='-I:/usr/lib/pkgconfig/../../share/gapi-2.0/glib-api.xml '
GLIBSHARP_LIBS='-r:/usr/lib/pkgconfig/../../lib/cli/glib-sharp-2.0/glib-sharp.dll '
GMCS_FLAGS=''
GMOFILES=' de.gmo es.gmo fr.gmo he.gmo it.gmo ja.gmo ro.gmo sv.gmo zh_CN.gmo'
GMSGFMT='/usr/bin/msgfmt'
GREP='/usr/bin/grep'
GTKDOC_CHECK='gtkdoc-check.test'
GTKDOC_CHECK_PATH='/usr/bin/gtkdoc-check'
GTKDOC_DEPS_CFLAGS='-I/usr/include/glib-2.0 -I/usr/lib/x86_64-linux-gnu/glib-2.0/include '
GTKDOC_DEPS_LIBS='-lgobject-2.0 -lglib-2.0 '
GTKDOC_MKPDF='/usr/bin/gtkdoc-mkpdf'
GTKDOC_REBASE='/usr/bin/gtkdoc-rebase'
GTK_DOC_BUILD_HTML_FALSE='#'
GTK_DOC_BUILD_HTML_TRUE=''
GTK_DOC_BUILD_PDF_FALSE=''
GTK_DOC_BUILD_PDF_TRUE='#'
GTK_DOC_USE_LIBTOOL_FALSE='#'
GTK_DOC_USE_LIBTOOL_TRUE=''
GTK_DOC_USE_REBASE_FALSE='#'
GTK_DOC_USE_REBASE_TRUE=''
HALCALLOUTSDIR='/hal/scripts'
HALFDIDIR='/share/hal/fdi'
HAL_CFLAGS=''
HAL_LIBS=''
HAVE_GDKPIXBUF_FALSE='#'
HAVE_GDKPIXBUF_TRUE=''
HAVE_GTK_DOC_FALSE='#'
HAVE_GTK_DOC_TRUE=''
HAVE_HAL_FALSE=''
HAVE_HAL_TRUE='#'
HAVE_LIBIMOBILEDEVICE_FALSE='#'
HAVE_LIBIMOBILEDEVICE_TRUE=''
HAVE_LIBUSB_FALSE=''
HAVE_LIBUSB_TRUE='#'
HAVE_MONO_FALSE=''
HAVE_MONO_TRUE='#'
HAVE_PYGOBJECT_FALSE='#'
HAVE_PYGOBJECT_TRUE=''
HAVE_PYTHON_FALSE='#'
HAVE_PYTHON_TRUE=''
HAVE_SGUTILS_FALSE=''
HAVE_SGUTILS_TRUE='#'
HAVE_TAGLIB_FALSE=''
HAVE_TAGLIB_TRUE='#'
HAVE_ZLIB_FALSE='#'
HAVE_ZLIB_TRUE=''
HTML_DIR='${datadir}/gtk-doc/html'
INSTALL_DATA='${INSTALL} -m 644'
INSTALL_PROGRAM='${INSTALL}'
INSTALL_SCRIPT='${INSTALL}'
INSTALL_STRIP_PROGRAM='$(install_sh) -c -s'
INSTOBJEXT='.mo'
INTLLIBS=''
INTLTOOL_CAVES_RULE='%.caves:     %.caves.in     $(INTLTOOL_MERGE) $(wildcard $(top_srcdir)/po/*.po) ; $(INTLTOOL_V_MERGE)LC_ALL=C $(INTLTOOL_MERGE) $(INTLTOOL_V_MERGE_OPTIONS) -d -u -c $(top_builddir)/po/.intltool-merge-cache $(top_srcdir)/po $< $@'
INTLTOOL_DESKTOP_RULE='%.desktop:   %.desktop.in   $(INTLTOOL_MERGE) $(wildcard $(top_srcdir)/po/*.po) ; $(INTLTOOL_V_MERGE)LC_ALL=C $(INTLTOOL_MERGE) $(INTLTOOL_V_MERGE_OPTIONS) -d -u -c $(top_builddir)/po/.intltool-merge-cache $(top_srcdir)/po $< $@'
INTLTOOL_DIRECTORY_RULE='%.directory: %.directory.in $(INTLTOOL_MERGE) $(wildcard $(top_srcdir)/po/*.po) ; $(INTLTOOL_V_MERGE)LC_ALL=C $(INTLTOOL_MERGE) $(INTLTOOL_V_MERGE_OPTIONS) -d -u -c $(top_builddir)/po/.intltool-merge-cache $(top_srcdir)/po $< $@'
INTLTOOL_EXTRACT='/usr/bin/intltool-extract'
INTLTOOL_KBD_RULE='%.kbd:       %.kbd.in       $(INTLTOOL_MERGE) $(wildcard $(top_srcdir)/po/*.po) ; $(INTLTOOL_V_MERGE)LC_ALL=C $(INTLTOOL_MERGE) $(INTLTOOL_V_MERGE_OPTIONS) -x -u -m -c $(top_builddir)/po/.intltool-merge-cache $(top_srcdir)/po $< $@'
INTLTOOL_KEYS_RULE='%.keys:      %.keys.in      $(INTLTOOL_MERGE) $(wildcard $(top_srcdir)/po/*.po) ; $(INTLTOOL_V_MERGE)LC_ALL=C $(INTLTOOL_MERGE) $(INTLTOOL_V_MERGE_OPTIONS) -k -u -c $(top_builddir)/po/.intltool-merge-cache $(top_srcdir)/po $< $@'
INTLTOOL_MERGE='/usr/bin/intltool-merge'
INTLTOOL_OAF_RULE='%.oaf:       %.oaf.in       $(INTLTOOL_MERGE) $(wildcard $(top_srcdir)/po/*.po) ; $(INTLTOOL_V_MERGE)LC_ALL=C $(INTLTOOL_MERGE) $(INTLTOOL_V_MERGE_OPTIONS) -o -p $(top_srcdir)/po $< $@'
INTLTOOL_PERL='/usr/bin/perl'
INTLTOOL_POLICY_RULE='%.policy:    %.policy.in    $(INTLTOOL_MERGE) $(wildcard $(top_srcdir)/po/*.po) ; $(INTLTOOL_V_MERGE)LC_ALL=C $(INTLTOOL_MERGE) $(INTLTOOL_V_MERGE_OPTIONS) -x -u -c $(top_builddir)/po/.intltool-merge-cache $(top_srcdir)/po $< $@'
INTLTOOL_PONG_RULE='%.pong:      %.pong.in      $(INTLTOOL_MERGE) $(wildcard $(top_srcdir)/po/*.po) ; $(INTLTOOL_V_MERGE)LC_ALL=C $(INTLTOOL_MERGE) $(INTLTOOL_V_MERGE_OPTIONS) -x -u -c $(top_builddir)/po/.intltool-merge-cache $(top_srcdir)/po $< $@'
INTLTOOL_PROP_RULE='%.prop:      %.prop.in      $(INTLTOOL_MERGE) $(wildcard $(top_srcdir)/po/*.po) ; $(INTLTOOL_V_MERGE)LC_ALL=C $(INTLTOOL_MERGE) $(INTLTOOL_V_MERGE_OPTIONS) -d -u -c $(top_builddir)/po/.intltool-merge-cache $(top_srcdir)/po $< $@'
INTLTOOL_SCHEMAS_RULE='%.schemas:   %.schemas.in   $(INTLTOOL_MERGE) $(wildcard $(top_srcdir)/po/*.po) ; $(INTLTOOL_V_MERGE)LC_ALL=C $(INTLTOOL_MERGE) $(INTLTOOL_V_MERGE_OPTIONS) -s -u -c $(top_builddir)/po/.intltool-merge-cache $(top_srcdir)/po $< $@'
INTLTOOL_SERVER_RULE='%.server:    %.server.in    $(INTLTOOL_MERGE) $(wildcard $(top_srcdir)/po/*.po) ; $(INTLTOOL_V_MERGE)LC_ALL=C $(INTLTOOL_MERGE) $(INTLTOOL_V_MERGE_OPTIONS) -o -u -c $(top_builddir)/po/.intltool-merge-cache $(top_srcdir)/po $< $@'
INTLTOOL_SERVICE_RULE='%.service: %.service.in   $(INTLTOOL_MERGE) $(wildcard $(top_srcdir)/po/*.po) ; $(INTLTOOL_V_MERGE)LC_ALL=C $(INTLTOOL_MERGE) $(INTLTOOL_V_MERGE_OPTIONS) -d -u -c $(top_builddir)/po/.intltool-merge-cache $(top_srcdir)/po $< $@'
INTLTOOL_SHEET_RULE='%.sheet:     %.sheet.in     $(INTLTOOL_MERGE) $(wildcard $(top_srcdir)/po/*.po) ; $(INTLTOOL_V_MERGE)LC_ALL=C $(INTLTOOL_MERGE) $(INTLTOOL_V_MERGE_OPTIONS) -x -u -c $(top_builddir)/po/.intltool-merge-cache $(top_srcdir)/po $< $@'
INTLTOOL_SOUNDLIST_RULE='%.soundlist: %.soundlist.in $(INTLTOOL_MERGE) $(wildcard $(top_srcdir)/po/*.po) ; $(INTLTOOL_V_MERGE)LC_ALL=C $(INTLTOOL_MERGE) $(INTLTOOL_V_MERGE_OPTIONS) -d -u -c $(top_builddir)/po/.intltool-merge-cache $(top_srcdir)/po $< $@'
INTLTOOL_THEME_RULE='%.theme:     %.theme.in     $(INTLTOOL_MERGE) $(wildcard $(top_srcdir)/po/*.po) ; $(INTLTOOL_V_MERGE)LC_ALL=C $(INTLTOOL_MERGE) $(INTLTOOL_V_MERGE_OPTIONS) -d -u -c $(top_builddir)/po/.intltool-merge-cache $(top_srcdir)/po $< $@'
INTLTOOL_UI_RULE='%.ui:        %.ui.in        $(INTLTOOL_MERGE) $(wildcard $(top_srcdir)/po/*.po) ; $(INTLTOOL_V_MERGE)LC_ALL=C $(INTLTOOL_MERGE) $(INTLTOOL_V_MERGE_OPTIONS) -x -u -c $(top_builddir)/po/.intltool-merge-cache $(top_srcdir)/po $< $@'
INTLTOOL_UPDATE='/usr/bin/intltool-update'
INTLTOOL_V_MERGE='$(INTLTOOL__v_MERGE_$(V))'
INTLTOOL_V_MERGE_OPTIONS='$(intltool__v_merge_options_$(V))'
INTLTOOL_XAM_RULE='%.xam:       %.xml.in       $(INTLTOOL_MERGE) $(wildcard $(top_srcdir)/po/*.po) ; $(INTLTOOL_V_MERGE)LC_ALL=C $(INTLTOOL_MERGE) $(INTLTOOL_V_MERGE_OPTIONS) -x -u -c $(top_builddir)/po/.intltool-merge-cache $(top_srcdir)/po $< $@'
INTLTOOL_XML_NOMERGE_RULE='%.xml:       %.xml.in       $(INTLTOOL_MERGE) ; $(INTLTOOL_V_MERGE)LC_ALL=C $(INTLTOOL_MERGE) $(INTLTOOL_V_MERGE_OPTIONS) -x -u --no-translations $< $@'
INTLTOOL_XML_RULE='%.xml:       %.xml.in       $(INTLTOOL_MERGE) $(wildcard $(top_srcdir)/po/*.po) ; $(INTLTOOL_V_MERGE)LC_ALL=C $(INTLTOOL_MERGE) $(INTLTOOL_V_MERGE_OPTIONS) -x -u -c $(top_builddir)/po/.intltool-merge-cache $(top_srcdir)/po $< $@'
INTLTOOL__v_MERGE_0='@echo "  ITMRG " $@;'
INTLTOOL__v_MERGE_='$(INTLTOOL__v_MERGE_$(AM_DEFAULT_VERBOSITY))'
INTL_MACOSX_LIBS=''
LD='/usr/bin/ld -m elf_x86_64'
LDFLAGS=''
LIBGPOD_BLOB_DIR='${libdir}/libgpod'
LIBGPOD_CFLAGS='-I/usr/include/glib-2.0 -I/usr/lib/x86_64-linux-gnu/glib-2.0/include -pthread  -I/usr/include/libxml2  -I/usr/include/gdk-pixbuf-2.0 -I/usr/include/glib-2.0 -I/usr/lib/x86_64-linux-gnu/glib-2.0/include -I/usr/include/libpng16 -I/usr/include/x86_64-linux-gnu -pthread -I/usr/include/libmount -I/usr/include/blkid '
LIBGPOD_LIBS='-lgobject-2.0 -lsqlite3 -lplist-2.0 -Wl,--export-dynamic -lgmodule-2.0 -pthread -lglib-2.0 -lglib-2.0  -lxml2  -lgdk_pixbuf-2.0 -lgobject-2.0 -lglib-2.0 '
LIBGPOD_SO_VERSION='7:2:3'
LIBIMOBILEDEVICE_CFLAGS=''
LIBIMOBILEDEVICE_LIBS='-limobiledevice-1.0 -lplist-2.0 '
LIBIMOBILEDEVICE_REQ='libimobiledevice-1.0'
LIBOBJS=''
LIBS=''
LIBTOOL='$(SHELL) $(top_builddir)/libtool'
LIBUSB_CFLAGS=''
LIBUSB_LIBS=''
LIBXML_CFLAGS='-I/usr/include/libxml2 '
LIBXML_LIBS='-lxml2 '
LIPO=''
LN_S='ln -s'
LTLIBOBJS=''
LT_SYS_LIBRARY_PATH=''
MAINT='#'
MAINTAINER_MODE_FALSE=''
MAINTAINER_MODE_TRUE='#'
MAKEINFO='${SHELL} '\''/home/john/tt/libgpod-0.8.3/missing'\'' makeinfo'
MANIFEST_TOOL=':'
MCS='no'
MKDIR_P='/usr/bin/mkdir -p'
MKINSTALLDIRS='.//mkinstalldirs'
MONO='/usr/bin/mono'
MONO_MODULE_CFLAGS=''
MONO_MODULE_LIBS=''
MSGFMT='/usr/bin/msgfmt'
MSGFMT_OPTS='-c'
MSGMERGE='/usr/bin/msgmerge'
NM='/usr/bin/nm -B'
NMEDIT=''
OBJDUMP='objdump'
OBJEXT='o'
OTOOL64=''
OTOOL=''
PACKAGE='libgpod'
PACKAGE_BUGREPORT=''
PACKAGE_NAME='libgpod'
PACKAGE_STRING='libgpod 0.8.3'
PACKAGE_TARNAME='libgpod'
PACKAGE_URL=''
PACKAGE_VERSION='0.8.3'
PATH_SEPARATOR=':'
PKG_CONFIG='/usr/bin/pkg-config'
PKG_CONFIG_LIBDIR=''
PKG_CONFIG_PATH=''
POFILES=' de.po es.po fr.po he.po it.po ja.po ro.po sv.po zh_CN.po'
POSUB='po'
PO_IN_DATADIR_FALSE=''
PO_IN_DATADIR_TRUE=''
PYGOBJECT_CFLAGS='-I/usr/include/pygobject-3.0 -I/usr/include/glib-2.0 -I/usr/lib/x86_64-linux-gnu/glib-2.0/include '
PYGOBJECT_LIBS='-lgobject-2.0 -lglib-2.0 '
PYTHON='/usr/bin/python3'
PYTHON_EXEC_PREFIX='${exec_prefix}'
PYTHON_INCLUDES='-I/usr/include/python3.11 -I/usr/include/python3.11'
PYTHON_LDFLAGS='-shared'
PYTHON_PLATFORM='linux'
PYTHON_PREFIX='${prefix}'
PYTHON_VERSION='3.11'
RANLIB='ranlib'
SED='/usr/bin/sed'
SET_MAKE=''
SGUTILS_LIBS=''
SHELL='/bin/bash'
STRIP='strip'
SWIG='/usr/bin/swig'
SWIG_LIB='/usr/share/swig4.0'
TAGLIB_CFLAGS=''
TAGLIB_LIBS=''
TMPMOUNTDIR='/tmp/'
USE_NLS='yes'
USE_UDEV_FALSE='#'
USE_UDEV_TRUE=''
VERSION='0.8.3'
XGETTEXT='/usr/bin/xgettext'
Z_LIBS='-lz'
ac_ct_AR='ar'
ac_ct_CC='gcc'
ac_ct_CXX='g++'
ac_ct_DUMPBIN=''
am__EXEEXT_FALSE=''
am__EXEEXT_TRUE='#'
am__fastdepCC_FALSE='#'
am__fastdepCC_TRUE=''
am__fastdepCXX_FALSE='#'
am__fastdepCXX_TRUE=''
am__include='include'
am__isrc=''
am__leading_dot='.'
am__nodep='_no'
am__quote=''
am__tar='$${TAR-tar} chof - "$$tardir"'
am__untar='$${TAR-tar} xf -'
bindir='${exec_prefix}/bin'
build='x86_64-unknown-linux-gnu'
build_alias=''
build_cpu='x86_64'
build_os='linux-gnu'
build_vendor='unknown'
datadir='${datarootdir}'
datarootdir='${prefix}/share'
docdir='${datarootdir}/doc/${PACKAGE_TARNAME}'
dvidir='${docdir}'
exec_prefix='${prefix}'
expanded_libdir='/usr/local/lib'
host='x86_64-unknown-linux-gnu'
host_alias=''
host_cpu='x86_64'
host_os='linux-gnu'
host_vendor='unknown'
htmldir='${docdir}'
includedir='${prefix}/include'
infodir='${datarootdir}/info'
install_sh='${SHELL} /home/john/tt/libgpod-0.8.3/install-sh'
intltool__v_merge_options_0='-q'
intltool__v_merge_options_='$(intltool__v_merge_options_$(AM_DEFAULT_VERBOSITY))'
libdir='${exec_prefix}/lib'
libexecdir='${exec_prefix}/libexec'
localedir='${datarootdir}/locale'
localstatedir='${prefix}/var'
mandir='${datarootdir}/man'
mkdir_p='$(MKDIR_P)'
oldincludedir='/usr/include'
pdfdir='${docdir}'
pkgpyexecdir='${pyexecdir}/libgpod'
pkgpythondir='${pythondir}/libgpod'
prefix='/usr/local'
program_transform_name='s,x,x,'
psdir='${docdir}'
pyexecdir='${PYTHON_EXEC_PREFIX}/lib/python3.11/site-packages'
pythondir='${PYTHON_PREFIX}/lib/python3.11/site-packages'
runstatedir='${localstatedir}/run'
sbindir='${exec_prefix}/sbin'
sharedstatedir='${prefix}/com'
sysconfdir='${prefix}/etc'
target_alias=''
udevdir='/lib/udev'

## ----------- ##
## confdefs.h. ##
## ----------- ##

/* confdefs.h */
#define PACKAGE_NAME "libgpod"
#define PACKAGE_TARNAME "libgpod"
#define PACKAGE_VERSION "0.8.3"
#define PACKAGE_STRING "libgpod 0.8.3"
#define PACKAGE_BUGREPORT ""
#define PACKAGE_URL ""
#define PACKAGE "libgpod"
#define VERSION "0.8.3"
#define HAVE_STDIO_H 1
#define HAVE_STDLIB_H 1
#define HAVE_STRING_H 1
#define HAVE_INTTYPES_H 1
#define HAVE_STDINT_H 1
#define HAVE_STRINGS_H 1
#define HAVE_SYS_STAT_H 1
#define HAVE_SYS_TYPES_H 1
#define HAVE_UNISTD_H 1
#define HAVE_WCHAR_H 1
#define STDC_HEADERS 1
#define _ALL_SOURCE 1
#define _DARWIN_C_SOURCE 1
#define _GNU_SOURCE 1
#define _HPUX_ALT_XOPEN_SOCKET_API 1
#define _NETBSD_SOURCE 1
#define _OPENBSD_SOURCE 1
#define _POSIX_PTHREAD_SEMANTICS 1
#define __STDC_WANT_IEC_60559_ATTRIBS_EXT__ 1
#define __STDC_WANT_IEC_60559_BFP_EXT__ 1
#define __STDC_WANT_IEC_60559_DFP_EXT__ 1
#define __STDC_WANT_IEC_60559_FUNCS_EXT__ 1
#define __STDC_WANT_IEC_60559_TYPES_EXT__ 1
#define __STDC_WANT_LIB_EXT2__ 1
#define __STDC_WANT_MATH_SPEC_FUNCS__ 1
#define _TANDEM_SOURCE 1
#define __EXTENSIONS__ 1
#define HAVE_DLFCN_H 1
#define LT_OBJDIR ".libs/"
#define HAVE_LOCALTIME_R 1
#define HAVE_STRUCT_TM_TM_GMTOFF 1
#define HAVE_G_INT64_HASH 1
#define HAVE_G_INT64_EQUAL 1
#define HAVE_G_CHECKSUM_RESET 1
#define HAVE_G_MAPPED_FILE_UNREF 1
#define HAVE_ZLIB 1
#define HAVE_LIBIMOBILEDEVICE 1
#define HAVE_LIBIMOBILEDEVICE_1_1_5 1
#define TMPMOUNTDIR "/tmp/"
#define HAVE_LIBXML 1
#define HAVE_GDKPIXBUF 1
#define HAVE_PYGOBJECT 1
#define GETTEXT_PACKAGE "libgpod"
#define HAVE_LOCALE_H 1
#define HAVE_LC_MESSAGES 1
#define HAVE_BIND_TEXTDOMAIN_CODESET 1
#define HAVE_GETTEXT 1
#define HAVE_DCGETTEXT 1
#define ENABLE_NLS 1
#define HAVE_PYTHON_H 1
#define ALIGNOF_DOUBLE 8

configure: exit 0
